                                 Started job on |	Nov 10 15:59:51
                             Started mapping on |	Nov 10 16:00:11
                                    Finished on |	Nov 10 16:19:20
       Mapping speed, Million of reads per hour |	267.89

                          Number of input reads |	85500601
                      Average input read length |	195
                                    UNIQUE READS:
                   Uniquely mapped reads number |	80386183
                        Uniquely mapped reads % |	94.02%
                          Average mapped length |	193.62
                       Number of splices: Total |	42513540
            Number of splices: Annotated (sjdb) |	40798587
                       Number of splices: GT/AG |	41936791
                       Number of splices: GC/AG |	355017
                       Number of splices: AT/AC |	35428
               Number of splices: Non-canonical |	186304
                      Mismatch rate per base, % |	0.97%
                         Deletion rate per base |	0.06%
                        Deletion average length |	2.16
                        Insertion rate per base |	0.04%
                       Insertion average length |	2.09
                             MULTI-MAPPING READS:
        Number of reads mapped to multiple loci |	1907553
             % of reads mapped to multiple loci |	2.23%
        Number of reads mapped to too many loci |	158615
             % of reads mapped to too many loci |	0.19%
                                  UNMAPPED READS:
       % of reads unmapped: too many mismatches |	0.00%
                 % of reads unmapped: too short |	3.44%
                     % of reads unmapped: other |	0.12%
                                  CHIMERIC READS:
                       Number of chimeric reads |	0
                            % of chimeric reads |	0.00%
