                                 Started job on |	Nov 10 15:59:51
                             Started mapping on |	Nov 10 16:00:04
                                    Finished on |	Nov 10 16:13:17
       Mapping speed, Million of reads per hour |	353.03

                          Number of input reads |	77765016
                      Average input read length |	195
                                    UNIQUE READS:
                   Uniquely mapped reads number |	72740164
                        Uniquely mapped reads % |	93.54%
                          Average mapped length |	193.32
                       Number of splices: Total |	35335763
            Number of splices: Annotated (sjdb) |	33815658
                       Number of splices: GT/AG |	34835943
                       Number of splices: GC/AG |	295040
                       Number of splices: AT/AC |	30150
               Number of splices: Non-canonical |	174630
                      Mismatch rate per base, % |	0.94%
                         Deletion rate per base |	0.06%
                        Deletion average length |	2.17
                        Insertion rate per base |	0.04%
                       Insertion average length |	2.11
                             MULTI-MAPPING READS:
        Number of reads mapped to multiple loci |	1851319
             % of reads mapped to multiple loci |	2.38%
        Number of reads mapped to too many loci |	158555
             % of reads mapped to too many loci |	0.20%
                                  UNMAPPED READS:
       % of reads unmapped: too many mismatches |	0.00%
                 % of reads unmapped: too short |	3.73%
                     % of reads unmapped: other |	0.14%
                                  CHIMERIC READS:
                       Number of chimeric reads |	0
                            % of chimeric reads |	0.00%
