                                 Started job on |	Nov 10 15:59:51
                             Started mapping on |	Nov 10 16:00:05
                                    Finished on |	Nov 10 16:11:41
       Mapping speed, Million of reads per hour |	348.77

                          Number of input reads |	67428426
                      Average input read length |	195
                                    UNIQUE READS:
                   Uniquely mapped reads number |	63769683
                        Uniquely mapped reads % |	94.57%
                          Average mapped length |	193.46
                       Number of splices: Total |	32871646
            Number of splices: Annotated (sjdb) |	31476051
                       Number of splices: GT/AG |	32433266
                       Number of splices: GC/AG |	272111
                       Number of splices: AT/AC |	27468
               Number of splices: Non-canonical |	138801
                      Mismatch rate per base, % |	0.91%
                         Deletion rate per base |	0.05%
                        Deletion average length |	2.13
                        Insertion rate per base |	0.04%
                       Insertion average length |	2.06
                             MULTI-MAPPING READS:
        Number of reads mapped to multiple loci |	1423836
             % of reads mapped to multiple loci |	2.11%
        Number of reads mapped to too many loci |	114908
             % of reads mapped to too many loci |	0.17%
                                  UNMAPPED READS:
       % of reads unmapped: too many mismatches |	0.00%
                 % of reads unmapped: too short |	3.05%
                     % of reads unmapped: other |	0.09%
                                  CHIMERIC READS:
                       Number of chimeric reads |	0
                            % of chimeric reads |	0.00%
