                                 Started job on |	Nov 14 15:46:48
                             Started mapping on |	Nov 14 15:47:17
                                    Finished on |	Nov 14 16:04:28
       Mapping speed, Million of reads per hour |	320.09

                          Number of input reads |	91669392
                      Average input read length |	195
                                    UNIQUE READS:
                   Uniquely mapped reads number |	85970869
                        Uniquely mapped reads % |	93.78%
                          Average mapped length |	193.33
                       Number of splices: Total |	45390279
            Number of splices: Annotated (sjdb) |	43454740
                       Number of splices: GT/AG |	44770313
                       Number of splices: GC/AG |	368263
                       Number of splices: AT/AC |	36708
               Number of splices: Non-canonical |	214995
                      Mismatch rate per base, % |	0.94%
                         Deletion rate per base |	0.06%
                        Deletion average length |	2.16
                        Insertion rate per base |	0.04%
                       Insertion average length |	2.14
                             MULTI-MAPPING READS:
        Number of reads mapped to multiple loci |	2060588
             % of reads mapped to multiple loci |	2.25%
        Number of reads mapped to too many loci |	163233
             % of reads mapped to too many loci |	0.18%
                                  UNMAPPED READS:
       % of reads unmapped: too many mismatches |	0.00%
                 % of reads unmapped: too short |	3.68%
                     % of reads unmapped: other |	0.11%
                                  CHIMERIC READS:
                       Number of chimeric reads |	0
                            % of chimeric reads |	0.00%
