                                 Started job on |	Nov 10 16:02:55
                             Started mapping on |	Nov 10 16:03:11
                                    Finished on |	Nov 10 16:19:02
       Mapping speed, Million of reads per hour |	336.89

                          Number of input reads |	88993904
                      Average input read length |	195
                                    UNIQUE READS:
                   Uniquely mapped reads number |	83329055
                        Uniquely mapped reads % |	93.63%
                          Average mapped length |	193.42
                       Number of splices: Total |	39940236
            Number of splices: Annotated (sjdb) |	38206999
                       Number of splices: GT/AG |	39360788
                       Number of splices: GC/AG |	336830
                       Number of splices: AT/AC |	35116
               Number of splices: Non-canonical |	207502
                      Mismatch rate per base, % |	0.95%
                         Deletion rate per base |	0.06%
                        Deletion average length |	2.17
                        Insertion rate per base |	0.04%
                       Insertion average length |	2.14
                             MULTI-MAPPING READS:
        Number of reads mapped to multiple loci |	2043135
             % of reads mapped to multiple loci |	2.30%
        Number of reads mapped to too many loci |	200578
             % of reads mapped to too many loci |	0.23%
                                  UNMAPPED READS:
       % of reads unmapped: too many mismatches |	0.00%
                 % of reads unmapped: too short |	3.70%
                     % of reads unmapped: other |	0.14%
                                  CHIMERIC READS:
                       Number of chimeric reads |	0
                            % of chimeric reads |	0.00%
