                                 Started job on |	Nov 14 15:46:49
                             Started mapping on |	Nov 14 15:47:17
                                    Finished on |	Nov 14 16:13:35
       Mapping speed, Million of reads per hour |	262.53

                          Number of input reads |	115074264
                      Average input read length |	195
                                    UNIQUE READS:
                   Uniquely mapped reads number |	108659681
                        Uniquely mapped reads % |	94.43%
                          Average mapped length |	193.67
                       Number of splices: Total |	63455372
            Number of splices: Annotated (sjdb) |	60870018
                       Number of splices: GT/AG |	62647396
                       Number of splices: GC/AG |	526119
                       Number of splices: AT/AC |	48648
               Number of splices: Non-canonical |	233209
                      Mismatch rate per base, % |	0.94%
                         Deletion rate per base |	0.05%
                        Deletion average length |	2.12
                        Insertion rate per base |	0.03%
                       Insertion average length |	2.10
                             MULTI-MAPPING READS:
        Number of reads mapped to multiple loci |	2688588
             % of reads mapped to multiple loci |	2.34%
        Number of reads mapped to too many loci |	183022
             % of reads mapped to too many loci |	0.16%
                                  UNMAPPED READS:
       % of reads unmapped: too many mismatches |	0.00%
                 % of reads unmapped: too short |	3.01%
                     % of reads unmapped: other |	0.07%
                                  CHIMERIC READS:
                       Number of chimeric reads |	0
                            % of chimeric reads |	0.00%
