                                 Started job on |	Nov 10 15:59:47
                             Started mapping on |	Nov 10 15:59:56
                                    Finished on |	Nov 10 16:13:30
       Mapping speed, Million of reads per hour |	339.17

                          Number of input reads |	76690260
                      Average input read length |	195
                                    UNIQUE READS:
                   Uniquely mapped reads number |	71782358
                        Uniquely mapped reads % |	93.60%
                          Average mapped length |	193.13
                       Number of splices: Total |	33703018
            Number of splices: Annotated (sjdb) |	32259728
                       Number of splices: GT/AG |	33219334
                       Number of splices: GC/AG |	278560
                       Number of splices: AT/AC |	29585
               Number of splices: Non-canonical |	175539
                      Mismatch rate per base, % |	0.95%
                         Deletion rate per base |	0.06%
                        Deletion average length |	2.17
                        Insertion rate per base |	0.04%
                       Insertion average length |	2.09
                             MULTI-MAPPING READS:
        Number of reads mapped to multiple loci |	1866399
             % of reads mapped to multiple loci |	2.43%
        Number of reads mapped to too many loci |	135855
             % of reads mapped to too many loci |	0.18%
                                  UNMAPPED READS:
       % of reads unmapped: too many mismatches |	0.00%
                 % of reads unmapped: too short |	3.68%
                     % of reads unmapped: other |	0.11%
                                  CHIMERIC READS:
                       Number of chimeric reads |	0
                            % of chimeric reads |	0.00%
