                                 Started job on |	Nov 10 16:02:55
                             Started mapping on |	Nov 10 16:03:11
                                    Finished on |	Nov 10 16:17:35
       Mapping speed, Million of reads per hour |	326.62

                          Number of input reads |	78387904
                      Average input read length |	195
                                    UNIQUE READS:
                   Uniquely mapped reads number |	73779896
                        Uniquely mapped reads % |	94.12%
                          Average mapped length |	193.37
                       Number of splices: Total |	35517394
            Number of splices: Annotated (sjdb) |	33981330
                       Number of splices: GT/AG |	35016049
                       Number of splices: GC/AG |	297674
                       Number of splices: AT/AC |	31127
               Number of splices: Non-canonical |	172544
                      Mismatch rate per base, % |	0.94%
                         Deletion rate per base |	0.06%
                        Deletion average length |	2.16
                        Insertion rate per base |	0.04%
                       Insertion average length |	2.11
                             MULTI-MAPPING READS:
        Number of reads mapped to multiple loci |	1782404
             % of reads mapped to multiple loci |	2.27%
        Number of reads mapped to too many loci |	145113
             % of reads mapped to too many loci |	0.19%
                                  UNMAPPED READS:
       % of reads unmapped: too many mismatches |	0.00%
                 % of reads unmapped: too short |	3.33%
                     % of reads unmapped: other |	0.09%
                                  CHIMERIC READS:
                       Number of chimeric reads |	0
                            % of chimeric reads |	0.00%
