                                 Started job on |	Nov 10 15:50:54
                             Started mapping on |	Nov 10 15:51:20
                                    Finished on |	Nov 10 15:51:37
       Mapping speed, Million of reads per hour |	107.56

                          Number of input reads |	507906
                      Average input read length |	195
                                    UNIQUE READS:
                   Uniquely mapped reads number |	473707
                        Uniquely mapped reads % |	93.27%
                          Average mapped length |	193.49
                       Number of splices: Total |	259424
            Number of splices: Annotated (sjdb) |	248833
                       Number of splices: GT/AG |	256067
                       Number of splices: GC/AG |	2096
                       Number of splices: AT/AC |	256
               Number of splices: Non-canonical |	1005
                      Mismatch rate per base, % |	0.93%
                         Deletion rate per base |	0.05%
                        Deletion average length |	2.18
                        Insertion rate per base |	0.03%
                       Insertion average length |	2.11
                             MULTI-MAPPING READS:
        Number of reads mapped to multiple loci |	11916
             % of reads mapped to multiple loci |	2.35%
        Number of reads mapped to too many loci |	814
             % of reads mapped to too many loci |	0.16%
                                  UNMAPPED READS:
       % of reads unmapped: too many mismatches |	0.00%
                 % of reads unmapped: too short |	4.13%
                     % of reads unmapped: other |	0.10%
                                  CHIMERIC READS:
                       Number of chimeric reads |	0
                            % of chimeric reads |	0.00%
