           Time    Speed        Read     Read   Mapped   Mapped   Mapped   Mapped Unmapped Unmapped Unmapped Unmapped
                    M/hr      number   length   unique   length   MMrate    multi   multi+       MM    short    other
Nov 14 15:48:17    285.9     4764826      195    93.8%    193.3     1.0%     2.2%     0.2%     0.0%     3.7%     0.1%
Nov 14 15:49:20    338.7    11573726      195    93.9%    193.4     1.0%     2.2%     0.2%     0.0%     3.6%     0.1%
Nov 14 15:50:20    357.1    18150064      195    93.9%    193.4     1.0%     2.2%     0.2%     0.0%     3.6%     0.1%
Nov 14 15:51:20    367.9    24832833      195    93.9%    193.4     1.0%     2.2%     0.2%     0.0%     3.5%     0.1%
Nov 14 15:52:20    370.6    31193073      195    93.9%    193.4     1.0%     2.2%     0.2%     0.0%     3.5%     0.1%
Nov 14 15:53:21    371.4    37551984      195    93.9%    193.4     0.9%     2.2%     0.2%     0.0%     3.5%     0.1%
Nov 14 15:54:21    371.0    43696764      195    93.9%    193.4     0.9%     2.2%     0.2%     0.0%     3.5%     0.1%
Nov 14 15:55:22    370.8    49948659      195    93.9%    193.4     0.9%     2.2%     0.2%     0.0%     3.5%     0.1%
Nov 14 15:56:22    369.8    55986058      195    93.9%    193.4     1.0%     2.2%     0.2%     0.0%     3.5%     0.1%
Nov 14 15:57:22    372.9    62669079      195    93.9%    193.4     1.0%     2.2%     0.2%     0.0%     3.5%     0.1%
Nov 14 15:58:23    371.4    68706899      195    93.9%    193.4     1.0%     2.2%     0.2%     0.0%     3.6%     0.1%
Nov 14 15:59:24    373.9    75497588      195    93.9%    193.4     1.0%     2.2%     0.2%     0.0%     3.6%     0.1%
Nov 14 16:00:24    374.9    81965128      195    93.9%    193.4     1.0%     2.2%     0.2%     0.0%     3.6%     0.1%
Nov 14 16:01:25    376.3    88647824      195    93.9%    193.4     1.0%     2.2%     0.2%     0.0%     3.6%     0.1%
Nov 14 16:02:26    377.1    95223265      195    93.9%    193.4     1.0%     2.2%     0.2%     0.0%     3.6%     0.1%
Nov 14 16:03:26    377.4   101577588      195    93.9%    193.4     0.9%     2.2%     0.2%     0.0%     3.6%     0.1%
Nov 14 16:08:08    310.1   107751487      195    93.9%    193.4     0.9%     2.2%     0.2%     0.0%     3.6%     0.1%
ALL DONE!
