                                 Started job on |	Nov 10 15:59:51
                             Started mapping on |	Nov 10 16:00:05
                                    Finished on |	Nov 10 16:16:11
       Mapping speed, Million of reads per hour |	309.81

                          Number of input reads |	83131849
                      Average input read length |	195
                                    UNIQUE READS:
                   Uniquely mapped reads number |	78420247
                        Uniquely mapped reads % |	94.33%
                          Average mapped length |	193.74
                       Number of splices: Total |	41861820
            Number of splices: Annotated (sjdb) |	40046819
                       Number of splices: GT/AG |	41298496
                       Number of splices: GC/AG |	345570
                       Number of splices: AT/AC |	34366
               Number of splices: Non-canonical |	183388
                      Mismatch rate per base, % |	0.92%
                         Deletion rate per base |	0.05%
                        Deletion average length |	2.13
                        Insertion rate per base |	0.04%
                       Insertion average length |	2.10
                             MULTI-MAPPING READS:
        Number of reads mapped to multiple loci |	1803500
             % of reads mapped to multiple loci |	2.17%
        Number of reads mapped to too many loci |	157916
             % of reads mapped to too many loci |	0.19%
                                  UNMAPPED READS:
       % of reads unmapped: too many mismatches |	0.00%
                 % of reads unmapped: too short |	3.20%
                     % of reads unmapped: other |	0.11%
                                  CHIMERIC READS:
                       Number of chimeric reads |	0
                            % of chimeric reads |	0.00%
