                                 Started job on |	Nov 10 16:15:01
                             Started mapping on |	Nov 10 16:15:19
                                    Finished on |	Nov 10 16:31:59
       Mapping speed, Million of reads per hour |	302.07

                          Number of input reads |	83909265
                      Average input read length |	195
                                    UNIQUE READS:
                   Uniquely mapped reads number |	78391211
                        Uniquely mapped reads % |	93.42%
                          Average mapped length |	193.37
                       Number of splices: Total |	37328265
            Number of splices: Annotated (sjdb) |	35714964
                       Number of splices: GT/AG |	36795675
                       Number of splices: GC/AG |	306033
                       Number of splices: AT/AC |	31585
               Number of splices: Non-canonical |	194972
                      Mismatch rate per base, % |	0.97%
                         Deletion rate per base |	0.06%
                        Deletion average length |	2.18
                        Insertion rate per base |	0.05%
                       Insertion average length |	2.10
                             MULTI-MAPPING READS:
        Number of reads mapped to multiple loci |	1995498
             % of reads mapped to multiple loci |	2.38%
        Number of reads mapped to too many loci |	162216
             % of reads mapped to too many loci |	0.19%
                                  UNMAPPED READS:
       % of reads unmapped: too many mismatches |	0.00%
                 % of reads unmapped: too short |	3.90%
                     % of reads unmapped: other |	0.11%
                                  CHIMERIC READS:
                       Number of chimeric reads |	0
                            % of chimeric reads |	0.00%
