                                 Started job on |	Nov 10 16:02:55
                             Started mapping on |	Nov 10 16:03:11
                                    Finished on |	Nov 10 16:18:37
       Mapping speed, Million of reads per hour |	350.77

                          Number of input reads |	90226636
                      Average input read length |	195
                                    UNIQUE READS:
                   Uniquely mapped reads number |	84815545
                        Uniquely mapped reads % |	94.00%
                          Average mapped length |	193.46
                       Number of splices: Total |	45762437
            Number of splices: Annotated (sjdb) |	43898532
                       Number of splices: GT/AG |	45152848
                       Number of splices: GC/AG |	378970
                       Number of splices: AT/AC |	37037
               Number of splices: Non-canonical |	193582
                      Mismatch rate per base, % |	0.93%
                         Deletion rate per base |	0.05%
                        Deletion average length |	2.15
                        Insertion rate per base |	0.04%
                       Insertion average length |	2.08
                             MULTI-MAPPING READS:
        Number of reads mapped to multiple loci |	1991576
             % of reads mapped to multiple loci |	2.21%
        Number of reads mapped to too many loci |	149122
             % of reads mapped to too many loci |	0.17%
                                  UNMAPPED READS:
       % of reads unmapped: too many mismatches |	0.00%
                 % of reads unmapped: too short |	3.52%
                     % of reads unmapped: other |	0.10%
                                  CHIMERIC READS:
                       Number of chimeric reads |	0
                            % of chimeric reads |	0.00%
