                                 Started job on |	Nov 10 16:08:57
                             Started mapping on |	Nov 10 16:09:10
                                    Finished on |	Nov 10 16:23:06
       Mapping speed, Million of reads per hour |	336.35

                          Number of input reads |	78107643
                      Average input read length |	195
                                    UNIQUE READS:
                   Uniquely mapped reads number |	73066738
                        Uniquely mapped reads % |	93.55%
                          Average mapped length |	193.44
                       Number of splices: Total |	35284199
            Number of splices: Annotated (sjdb) |	33742135
                       Number of splices: GT/AG |	34778955
                       Number of splices: GC/AG |	295152
                       Number of splices: AT/AC |	29462
               Number of splices: Non-canonical |	180630
                      Mismatch rate per base, % |	0.94%
                         Deletion rate per base |	0.06%
                        Deletion average length |	2.17
                        Insertion rate per base |	0.04%
                       Insertion average length |	2.14
                             MULTI-MAPPING READS:
        Number of reads mapped to multiple loci |	1945693
             % of reads mapped to multiple loci |	2.49%
        Number of reads mapped to too many loci |	176574
             % of reads mapped to too many loci |	0.23%
                                  UNMAPPED READS:
       % of reads unmapped: too many mismatches |	0.00%
                 % of reads unmapped: too short |	3.61%
                     % of reads unmapped: other |	0.12%
                                  CHIMERIC READS:
                       Number of chimeric reads |	0
                            % of chimeric reads |	0.00%
