                                 Started job on |	Nov 10 16:08:52
                             Started mapping on |	Nov 10 16:09:07
                                    Finished on |	Nov 10 16:24:10
       Mapping speed, Million of reads per hour |	366.32

                          Number of input reads |	91884130
                      Average input read length |	195
                                    UNIQUE READS:
                   Uniquely mapped reads number |	85956620
                        Uniquely mapped reads % |	93.55%
                          Average mapped length |	193.75
                       Number of splices: Total |	52095031
            Number of splices: Annotated (sjdb) |	50137932
                       Number of splices: GT/AG |	51435009
                       Number of splices: GC/AG |	439646
                       Number of splices: AT/AC |	39980
               Number of splices: Non-canonical |	180396
                      Mismatch rate per base, % |	0.86%
                         Deletion rate per base |	0.05%
                        Deletion average length |	2.08
                        Insertion rate per base |	0.03%
                       Insertion average length |	2.07
                             MULTI-MAPPING READS:
        Number of reads mapped to multiple loci |	2987599
             % of reads mapped to multiple loci |	3.25%
        Number of reads mapped to too many loci |	144159
             % of reads mapped to too many loci |	0.16%
                                  UNMAPPED READS:
       % of reads unmapped: too many mismatches |	0.00%
                 % of reads unmapped: too short |	2.96%
                     % of reads unmapped: other |	0.08%
                                  CHIMERIC READS:
                       Number of chimeric reads |	0
                            % of chimeric reads |	0.00%
