                                 Started job on |	Nov 10 16:06:01
                             Started mapping on |	Nov 10 16:06:13
                                    Finished on |	Nov 10 16:21:46
       Mapping speed, Million of reads per hour |	366.74

                          Number of input reads |	95046492
                      Average input read length |	195
                                    UNIQUE READS:
                   Uniquely mapped reads number |	89421692
                        Uniquely mapped reads % |	94.08%
                          Average mapped length |	193.45
                       Number of splices: Total |	45588674
            Number of splices: Annotated (sjdb) |	43642029
                       Number of splices: GT/AG |	44964230
                       Number of splices: GC/AG |	376292
                       Number of splices: AT/AC |	37590
               Number of splices: Non-canonical |	210562
                      Mismatch rate per base, % |	0.93%
                         Deletion rate per base |	0.06%
                        Deletion average length |	2.16
                        Insertion rate per base |	0.04%
                       Insertion average length |	2.09
                             MULTI-MAPPING READS:
        Number of reads mapped to multiple loci |	2028201
             % of reads mapped to multiple loci |	2.13%
        Number of reads mapped to too many loci |	181553
             % of reads mapped to too many loci |	0.19%
                                  UNMAPPED READS:
       % of reads unmapped: too many mismatches |	0.00%
                 % of reads unmapped: too short |	3.47%
                     % of reads unmapped: other |	0.13%
                                  CHIMERIC READS:
                       Number of chimeric reads |	0
                            % of chimeric reads |	0.00%
