                                 Started job on |	Nov 10 16:06:01
                             Started mapping on |	Nov 10 16:06:13
                                    Finished on |	Nov 10 16:20:03
       Mapping speed, Million of reads per hour |	339.22

                          Number of input reads |	78209203
                      Average input read length |	195
                                    UNIQUE READS:
                   Uniquely mapped reads number |	73237108
                        Uniquely mapped reads % |	93.64%
                          Average mapped length |	193.39
                       Number of splices: Total |	35891453
            Number of splices: Annotated (sjdb) |	34340525
                       Number of splices: GT/AG |	35377469
                       Number of splices: GC/AG |	300636
                       Number of splices: AT/AC |	31642
               Number of splices: Non-canonical |	181706
                      Mismatch rate per base, % |	0.96%
                         Deletion rate per base |	0.06%
                        Deletion average length |	2.15
                        Insertion rate per base |	0.04%
                       Insertion average length |	2.14
                             MULTI-MAPPING READS:
        Number of reads mapped to multiple loci |	1814839
             % of reads mapped to multiple loci |	2.32%
        Number of reads mapped to too many loci |	145835
             % of reads mapped to too many loci |	0.19%
                                  UNMAPPED READS:
       % of reads unmapped: too many mismatches |	0.00%
                 % of reads unmapped: too short |	3.75%
                     % of reads unmapped: other |	0.10%
                                  CHIMERIC READS:
                       Number of chimeric reads |	0
                            % of chimeric reads |	0.00%
