                                 Started job on |	Nov 10 16:12:02
                             Started mapping on |	Nov 10 16:12:27
                                    Finished on |	Nov 10 16:24:13
       Mapping speed, Million of reads per hour |	403.35

                          Number of input reads |	79100801
                      Average input read length |	195
                                    UNIQUE READS:
                   Uniquely mapped reads number |	73923346
                        Uniquely mapped reads % |	93.45%
                          Average mapped length |	193.57
                       Number of splices: Total |	37026712
            Number of splices: Annotated (sjdb) |	35388884
                       Number of splices: GT/AG |	36519146
                       Number of splices: GC/AG |	300547
                       Number of splices: AT/AC |	30274
               Number of splices: Non-canonical |	176745
                      Mismatch rate per base, % |	0.94%
                         Deletion rate per base |	0.06%
                        Deletion average length |	2.15
                        Insertion rate per base |	0.04%
                       Insertion average length |	2.11
                             MULTI-MAPPING READS:
        Number of reads mapped to multiple loci |	1891792
             % of reads mapped to multiple loci |	2.39%
        Number of reads mapped to too many loci |	233489
             % of reads mapped to too many loci |	0.30%
                                  UNMAPPED READS:
       % of reads unmapped: too many mismatches |	0.00%
                 % of reads unmapped: too short |	3.63%
                     % of reads unmapped: other |	0.23%
                                  CHIMERIC READS:
                       Number of chimeric reads |	0
                            % of chimeric reads |	0.00%
