                                 Started job on |	Nov 10 15:56:58
                             Started mapping on |	Nov 10 15:57:27
                                    Finished on |	Nov 10 16:11:41
       Mapping speed, Million of reads per hour |	303.67

                          Number of input reads |	72037676
                      Average input read length |	195
                                    UNIQUE READS:
                   Uniquely mapped reads number |	67439148
                        Uniquely mapped reads % |	93.62%
                          Average mapped length |	193.44
                       Number of splices: Total |	34945857
            Number of splices: Annotated (sjdb) |	33442990
                       Number of splices: GT/AG |	34470294
                       Number of splices: GC/AG |	285478
                       Number of splices: AT/AC |	29557
               Number of splices: Non-canonical |	160528
                      Mismatch rate per base, % |	0.96%
                         Deletion rate per base |	0.06%
                        Deletion average length |	2.15
                        Insertion rate per base |	0.04%
                       Insertion average length |	2.09
                             MULTI-MAPPING READS:
        Number of reads mapped to multiple loci |	1726615
             % of reads mapped to multiple loci |	2.40%
        Number of reads mapped to too many loci |	166623
             % of reads mapped to too many loci |	0.23%
                                  UNMAPPED READS:
       % of reads unmapped: too many mismatches |	0.00%
                 % of reads unmapped: too short |	3.57%
                     % of reads unmapped: other |	0.18%
                                  CHIMERIC READS:
                       Number of chimeric reads |	0
                            % of chimeric reads |	0.00%
