                                 Started job on |	Nov 10 16:02:55
                             Started mapping on |	Nov 10 16:03:12
                                    Finished on |	Nov 10 16:17:16
       Mapping speed, Million of reads per hour |	325.77

                          Number of input reads |	76375525
                      Average input read length |	195
                                    UNIQUE READS:
                   Uniquely mapped reads number |	71606080
                        Uniquely mapped reads % |	93.76%
                          Average mapped length |	193.42
                       Number of splices: Total |	35915427
            Number of splices: Annotated (sjdb) |	34266647
                       Number of splices: GT/AG |	35406461
                       Number of splices: GC/AG |	305193
                       Number of splices: AT/AC |	30013
               Number of splices: Non-canonical |	173760
                      Mismatch rate per base, % |	0.94%
                         Deletion rate per base |	0.06%
                        Deletion average length |	2.18
                        Insertion rate per base |	0.04%
                       Insertion average length |	2.12
                             MULTI-MAPPING READS:
        Number of reads mapped to multiple loci |	1749029
             % of reads mapped to multiple loci |	2.29%
        Number of reads mapped to too many loci |	182816
             % of reads mapped to too many loci |	0.24%
                                  UNMAPPED READS:
       % of reads unmapped: too many mismatches |	0.00%
                 % of reads unmapped: too short |	3.57%
                     % of reads unmapped: other |	0.15%
                                  CHIMERIC READS:
                       Number of chimeric reads |	0
                            % of chimeric reads |	0.00%
