                                 Started job on |	Nov 14 15:46:48
                             Started mapping on |	Nov 14 15:47:17
                                    Finished on |	Nov 14 16:04:51
       Mapping speed, Million of reads per hour |	337.94

                          Number of input reads |	98942188
                      Average input read length |	195
                                    UNIQUE READS:
                   Uniquely mapped reads number |	92471930
                        Uniquely mapped reads % |	93.46%
                          Average mapped length |	193.50
                       Number of splices: Total |	45123387
            Number of splices: Annotated (sjdb) |	43151430
                       Number of splices: GT/AG |	44482840
                       Number of splices: GC/AG |	377883
                       Number of splices: AT/AC |	37759
               Number of splices: Non-canonical |	224905
                      Mismatch rate per base, % |	0.95%
                         Deletion rate per base |	0.06%
                        Deletion average length |	2.20
                        Insertion rate per base |	0.04%
                       Insertion average length |	2.18
                             MULTI-MAPPING READS:
        Number of reads mapped to multiple loci |	2275425
             % of reads mapped to multiple loci |	2.30%
        Number of reads mapped to too many loci |	274705
             % of reads mapped to too many loci |	0.28%
                                  UNMAPPED READS:
       % of reads unmapped: too many mismatches |	0.00%
                 % of reads unmapped: too short |	3.78%
                     % of reads unmapped: other |	0.18%
                                  CHIMERIC READS:
                       Number of chimeric reads |	0
                            % of chimeric reads |	0.00%
