                                 Started job on |	Nov 10 15:59:51
                             Started mapping on |	Nov 10 16:00:04
                                    Finished on |	Nov 10 16:13:21
       Mapping speed, Million of reads per hour |	346.71

                          Number of input reads |	76756682
                      Average input read length |	195
                                    UNIQUE READS:
                   Uniquely mapped reads number |	71223151
                        Uniquely mapped reads % |	92.79%
                          Average mapped length |	193.07
                       Number of splices: Total |	30403313
            Number of splices: Annotated (sjdb) |	29099008
                       Number of splices: GT/AG |	29932022
                       Number of splices: GC/AG |	248602
                       Number of splices: AT/AC |	25918
               Number of splices: Non-canonical |	196771
                      Mismatch rate per base, % |	1.02%
                         Deletion rate per base |	0.07%
                        Deletion average length |	2.19
                        Insertion rate per base |	0.05%
                       Insertion average length |	2.17
                             MULTI-MAPPING READS:
        Number of reads mapped to multiple loci |	1952070
             % of reads mapped to multiple loci |	2.54%
        Number of reads mapped to too many loci |	146899
             % of reads mapped to too many loci |	0.19%
                                  UNMAPPED READS:
       % of reads unmapped: too many mismatches |	0.00%
                 % of reads unmapped: too short |	4.38%
                     % of reads unmapped: other |	0.09%
                                  CHIMERIC READS:
                       Number of chimeric reads |	0
                            % of chimeric reads |	0.00%
