                                 Started job on |	Nov 10 15:56:46
                             Started mapping on |	Nov 10 15:56:53
                                    Finished on |	Nov 10 16:10:19
       Mapping speed, Million of reads per hour |	312.53

                          Number of input reads |	69971342
                      Average input read length |	195
                                    UNIQUE READS:
                   Uniquely mapped reads number |	65123441
                        Uniquely mapped reads % |	93.07%
                          Average mapped length |	193.12
                       Number of splices: Total |	29565554
            Number of splices: Annotated (sjdb) |	28262092
                       Number of splices: GT/AG |	29129009
                       Number of splices: GC/AG |	241701
                       Number of splices: AT/AC |	24727
               Number of splices: Non-canonical |	170117
                      Mismatch rate per base, % |	0.97%
                         Deletion rate per base |	0.07%
                        Deletion average length |	2.17
                        Insertion rate per base |	0.05%
                       Insertion average length |	2.12
                             MULTI-MAPPING READS:
        Number of reads mapped to multiple loci |	1761186
             % of reads mapped to multiple loci |	2.52%
        Number of reads mapped to too many loci |	155904
             % of reads mapped to too many loci |	0.22%
                                  UNMAPPED READS:
       % of reads unmapped: too many mismatches |	0.00%
                 % of reads unmapped: too short |	4.06%
                     % of reads unmapped: other |	0.13%
                                  CHIMERIC READS:
                       Number of chimeric reads |	0
                            % of chimeric reads |	0.00%
