                                 Started job on |	Nov 10 16:08:52
                             Started mapping on |	Nov 10 16:09:01
                                    Finished on |	Nov 10 16:23:38
       Mapping speed, Million of reads per hour |	346.17

                          Number of input reads |	84329858
                      Average input read length |	195
                                    UNIQUE READS:
                   Uniquely mapped reads number |	79436424
                        Uniquely mapped reads % |	94.20%
                          Average mapped length |	193.52
                       Number of splices: Total |	40025383
            Number of splices: Annotated (sjdb) |	38367186
                       Number of splices: GT/AG |	39471615
                       Number of splices: GC/AG |	337398
                       Number of splices: AT/AC |	33446
               Number of splices: Non-canonical |	182924
                      Mismatch rate per base, % |	0.91%
                         Deletion rate per base |	0.06%
                        Deletion average length |	2.11
                        Insertion rate per base |	0.04%
                       Insertion average length |	2.12
                             MULTI-MAPPING READS:
        Number of reads mapped to multiple loci |	1866807
             % of reads mapped to multiple loci |	2.21%
        Number of reads mapped to too many loci |	145115
             % of reads mapped to too many loci |	0.17%
                                  UNMAPPED READS:
       % of reads unmapped: too many mismatches |	0.00%
                 % of reads unmapped: too short |	3.30%
                     % of reads unmapped: other |	0.11%
                                  CHIMERIC READS:
                       Number of chimeric reads |	0
                            % of chimeric reads |	0.00%
