                                 Started job on |	Nov 10 15:59:51
                             Started mapping on |	Nov 10 16:00:04
                                    Finished on |	Nov 10 16:08:50
       Mapping speed, Million of reads per hour |	390.88

                          Number of input reads |	57112236
                      Average input read length |	195
                                    UNIQUE READS:
                   Uniquely mapped reads number |	53885730
                        Uniquely mapped reads % |	94.35%
                          Average mapped length |	193.40
                       Number of splices: Total |	26348280
            Number of splices: Annotated (sjdb) |	25248452
                       Number of splices: GT/AG |	25979150
                       Number of splices: GC/AG |	220227
                       Number of splices: AT/AC |	22599
               Number of splices: Non-canonical |	126304
                      Mismatch rate per base, % |	0.95%
                         Deletion rate per base |	0.06%
                        Deletion average length |	2.16
                        Insertion rate per base |	0.04%
                       Insertion average length |	2.12
                             MULTI-MAPPING READS:
        Number of reads mapped to multiple loci |	1197326
             % of reads mapped to multiple loci |	2.10%
        Number of reads mapped to too many loci |	96844
             % of reads mapped to too many loci |	0.17%
                                  UNMAPPED READS:
       % of reads unmapped: too many mismatches |	0.00%
                 % of reads unmapped: too short |	3.30%
                     % of reads unmapped: other |	0.08%
                                  CHIMERIC READS:
                       Number of chimeric reads |	0
                            % of chimeric reads |	0.00%
