                                 Started job on |	Nov 10 16:08:57
                             Started mapping on |	Nov 10 16:09:12
                                    Finished on |	Nov 10 16:27:13
       Mapping speed, Million of reads per hour |	347.16

                          Number of input reads |	104243266
                      Average input read length |	195
                                    UNIQUE READS:
                   Uniquely mapped reads number |	98603615
                        Uniquely mapped reads % |	94.59%
                          Average mapped length |	194.11
                       Number of splices: Total |	57805677
            Number of splices: Annotated (sjdb) |	55686942
                       Number of splices: GT/AG |	57053820
                       Number of splices: GC/AG |	493355
                       Number of splices: AT/AC |	47641
               Number of splices: Non-canonical |	210861
                      Mismatch rate per base, % |	0.85%
                         Deletion rate per base |	0.05%
                        Deletion average length |	2.11
                        Insertion rate per base |	0.03%
                       Insertion average length |	2.15
                             MULTI-MAPPING READS:
        Number of reads mapped to multiple loci |	2560228
             % of reads mapped to multiple loci |	2.46%
        Number of reads mapped to too many loci |	141616
             % of reads mapped to too many loci |	0.14%
                                  UNMAPPED READS:
       % of reads unmapped: too many mismatches |	0.00%
                 % of reads unmapped: too short |	2.76%
                     % of reads unmapped: other |	0.06%
                                  CHIMERIC READS:
                       Number of chimeric reads |	0
                            % of chimeric reads |	0.00%
