                                 Started job on |	Nov 14 15:46:48
                             Started mapping on |	Nov 14 15:47:17
                                    Finished on |	Nov 14 16:04:37
       Mapping speed, Million of reads per hour |	360.41

                          Number of input reads |	104119233
                      Average input read length |	195
                                    UNIQUE READS:
                   Uniquely mapped reads number |	97682109
                        Uniquely mapped reads % |	93.82%
                          Average mapped length |	193.58
                       Number of splices: Total |	50332093
            Number of splices: Annotated (sjdb) |	48125509
                       Number of splices: GT/AG |	49637405
                       Number of splices: GC/AG |	420736
                       Number of splices: AT/AC |	41571
               Number of splices: Non-canonical |	232381
                      Mismatch rate per base, % |	0.94%
                         Deletion rate per base |	0.06%
                        Deletion average length |	2.14
                        Insertion rate per base |	0.04%
                       Insertion average length |	2.09
                             MULTI-MAPPING READS:
        Number of reads mapped to multiple loci |	2351213
             % of reads mapped to multiple loci |	2.26%
        Number of reads mapped to too many loci |	294180
             % of reads mapped to too many loci |	0.28%
                                  UNMAPPED READS:
       % of reads unmapped: too many mismatches |	0.00%
                 % of reads unmapped: too short |	3.41%
                     % of reads unmapped: other |	0.24%
                                  CHIMERIC READS:
                       Number of chimeric reads |	0
                            % of chimeric reads |	0.00%
