                                 Started job on |	Nov 10 15:59:51
                             Started mapping on |	Nov 10 16:00:08
                                    Finished on |	Nov 10 16:12:23
       Mapping speed, Million of reads per hour |	320.36

                          Number of input reads |	65406052
                      Average input read length |	195
                                    UNIQUE READS:
                   Uniquely mapped reads number |	61223407
                        Uniquely mapped reads % |	93.61%
                          Average mapped length |	193.36
                       Number of splices: Total |	30380025
            Number of splices: Annotated (sjdb) |	29081262
                       Number of splices: GT/AG |	29965939
                       Number of splices: GC/AG |	249891
                       Number of splices: AT/AC |	24660
               Number of splices: Non-canonical |	139535
                      Mismatch rate per base, % |	1.08%
                         Deletion rate per base |	0.06%
                        Deletion average length |	2.15
                        Insertion rate per base |	0.04%
                       Insertion average length |	2.10
                             MULTI-MAPPING READS:
        Number of reads mapped to multiple loci |	1489611
             % of reads mapped to multiple loci |	2.28%
        Number of reads mapped to too many loci |	125743
             % of reads mapped to too many loci |	0.19%
                                  UNMAPPED READS:
       % of reads unmapped: too many mismatches |	0.00%
                 % of reads unmapped: too short |	3.82%
                     % of reads unmapped: other |	0.10%
                                  CHIMERIC READS:
                       Number of chimeric reads |	0
                            % of chimeric reads |	0.00%
