                                 Started job on |	Nov 10 16:11:54
                             Started mapping on |	Nov 10 16:12:00
                                    Finished on |	Nov 10 16:26:17
       Mapping speed, Million of reads per hour |	372.27

                          Number of input reads |	88619753
                      Average input read length |	195
                                    UNIQUE READS:
                   Uniquely mapped reads number |	83483374
                        Uniquely mapped reads % |	94.20%
                          Average mapped length |	193.71
                       Number of splices: Total |	49941860
            Number of splices: Annotated (sjdb) |	48009699
                       Number of splices: GT/AG |	49308244
                       Number of splices: GC/AG |	414395
                       Number of splices: AT/AC |	40083
               Number of splices: Non-canonical |	179138
                      Mismatch rate per base, % |	0.88%
                         Deletion rate per base |	0.05%
                        Deletion average length |	2.11
                        Insertion rate per base |	0.03%
                       Insertion average length |	2.11
                             MULTI-MAPPING READS:
        Number of reads mapped to multiple loci |	2342336
             % of reads mapped to multiple loci |	2.64%
        Number of reads mapped to too many loci |	124834
             % of reads mapped to too many loci |	0.14%
                                  UNMAPPED READS:
       % of reads unmapped: too many mismatches |	0.00%
                 % of reads unmapped: too short |	2.95%
                     % of reads unmapped: other |	0.06%
                                  CHIMERIC READS:
                       Number of chimeric reads |	0
                            % of chimeric reads |	0.00%
