                                 Started job on |	Nov 10 16:08:57
                             Started mapping on |	Nov 10 16:09:11
                                    Finished on |	Nov 10 16:26:06
       Mapping speed, Million of reads per hour |	368.74

                          Number of input reads |	103965075
                      Average input read length |	195
                                    UNIQUE READS:
                   Uniquely mapped reads number |	97458313
                        Uniquely mapped reads % |	93.74%
                          Average mapped length |	193.79
                       Number of splices: Total |	54836302
            Number of splices: Annotated (sjdb) |	52494201
                       Number of splices: GT/AG |	54127406
                       Number of splices: GC/AG |	452105
                       Number of splices: AT/AC |	42072
               Number of splices: Non-canonical |	214719
                      Mismatch rate per base, % |	0.90%
                         Deletion rate per base |	0.05%
                        Deletion average length |	2.12
                        Insertion rate per base |	0.03%
                       Insertion average length |	2.10
                             MULTI-MAPPING READS:
        Number of reads mapped to multiple loci |	3044314
             % of reads mapped to multiple loci |	2.93%
        Number of reads mapped to too many loci |	161026
             % of reads mapped to too many loci |	0.15%
                                  UNMAPPED READS:
       % of reads unmapped: too many mismatches |	0.00%
                 % of reads unmapped: too short |	3.11%
                     % of reads unmapped: other |	0.07%
                                  CHIMERIC READS:
                       Number of chimeric reads |	0
                            % of chimeric reads |	0.00%
