                                 Started job on |	Nov 10 16:11:55
                             Started mapping on |	Nov 10 16:12:10
                                    Finished on |	Nov 10 16:30:31
       Mapping speed, Million of reads per hour |	342.03

                          Number of input reads |	104603185
                      Average input read length |	195
                                    UNIQUE READS:
                   Uniquely mapped reads number |	98220513
                        Uniquely mapped reads % |	93.90%
                          Average mapped length |	193.48
                       Number of splices: Total |	50204947
            Number of splices: Annotated (sjdb) |	48029079
                       Number of splices: GT/AG |	49505873
                       Number of splices: GC/AG |	421998
                       Number of splices: AT/AC |	41563
               Number of splices: Non-canonical |	235513
                      Mismatch rate per base, % |	0.92%
                         Deletion rate per base |	0.06%
                        Deletion average length |	2.16
                        Insertion rate per base |	0.04%
                       Insertion average length |	2.12
                             MULTI-MAPPING READS:
        Number of reads mapped to multiple loci |	2322636
             % of reads mapped to multiple loci |	2.22%
        Number of reads mapped to too many loci |	254222
             % of reads mapped to too many loci |	0.24%
                                  UNMAPPED READS:
       % of reads unmapped: too many mismatches |	0.00%
                 % of reads unmapped: too short |	3.47%
                     % of reads unmapped: other |	0.17%
                                  CHIMERIC READS:
                       Number of chimeric reads |	0
                            % of chimeric reads |	0.00%
