           Time    Speed        Read     Read   Mapped   Mapped   Mapped   Mapped Unmapped Unmapped Unmapped Unmapped
                    M/hr      number   length   unique   length   MMrate    multi   multi+       MM    short    other
Nov 14 15:48:23    289.3     5304619      195    94.1%    193.4     1.0%     2.1%     0.2%     0.0%     3.4%     0.1%
Nov 14 15:49:26    341.0    12217418      195    94.2%    193.5     1.0%     2.1%     0.2%     0.0%     3.3%     0.1%
Nov 14 15:50:26    353.8    18576994      195    94.2%    193.5     1.0%     2.1%     0.2%     0.0%     3.3%     0.1%
Nov 14 15:51:26    359.0    24827787      195    94.2%    193.5     1.0%     2.1%     0.2%     0.0%     3.3%     0.1%
Nov 14 15:52:26    364.6    31294407      195    94.2%    193.5     0.9%     2.1%     0.2%     0.0%     3.3%     0.1%
Nov 14 15:53:26    368.4    37760534      195    94.2%    193.5     0.9%     2.1%     0.2%     0.0%     3.3%     0.1%
Nov 14 15:54:26    370.2    44118918      195    94.3%    193.5     0.9%     2.1%     0.2%     0.0%     3.3%     0.1%
Nov 14 15:55:26    372.4    50585672      195    94.3%    193.5     0.9%     2.1%     0.2%     0.0%     3.3%     0.1%
Nov 14 15:56:27    371.3    56727994      195    94.3%    193.5     0.9%     2.1%     0.2%     0.0%     3.3%     0.1%
Nov 14 15:57:27    371.0    62872079      195    94.2%    193.5     0.9%     2.1%     0.2%     0.0%     3.3%     0.1%
Nov 14 15:58:27    372.6    69337752      195    94.2%    193.5     0.9%     2.1%     0.2%     0.0%     3.3%     0.1%
Nov 14 15:59:30    370.2    75374332      195    94.2%    193.5     1.0%     2.1%     0.2%     0.0%     3.3%     0.1%
Nov 14 16:00:30    373.0    82162796      195    94.2%    193.5     0.9%     2.1%     0.2%     0.0%     3.3%     0.1%
Nov 14 16:01:30    375.0    88844849      195    94.2%    193.5     0.9%     2.1%     0.2%     0.0%     3.3%     0.1%
Nov 14 16:02:30    374.5    94987851      195    94.2%    193.5     0.9%     2.1%     0.2%     0.0%     3.3%     0.1%
Nov 14 16:03:30    375.3   101448146      195    94.2%    193.5     0.9%     2.1%     0.2%     0.0%     3.3%     0.1%
Nov 14 16:04:30    376.0   107891568      195    94.2%    193.5     0.9%     2.1%     0.2%     0.0%     3.3%     0.1%
Nov 14 16:05:30    376.6   114334600      195    94.2%    193.5     0.9%     2.1%     0.2%     0.0%     3.3%     0.1%
Nov 14 16:09:45    311.2   116526678      195    94.2%    193.5     0.9%     2.1%     0.2%     0.0%     3.3%     0.1%
ALL DONE!
