                                 Started job on |	Nov 10 16:02:55
                             Started mapping on |	Nov 10 16:03:11
                                    Finished on |	Nov 10 16:14:18
       Mapping speed, Million of reads per hour |	339.89

                          Number of input reads |	62974076
                      Average input read length |	195
                                    UNIQUE READS:
                   Uniquely mapped reads number |	59250584
                        Uniquely mapped reads % |	94.09%
                          Average mapped length |	193.49
                       Number of splices: Total |	29192784
            Number of splices: Annotated (sjdb) |	27937824
                       Number of splices: GT/AG |	28787955
                       Number of splices: GC/AG |	241632
                       Number of splices: AT/AC |	25620
               Number of splices: Non-canonical |	137577
                      Mismatch rate per base, % |	0.93%
                         Deletion rate per base |	0.06%
                        Deletion average length |	2.17
                        Insertion rate per base |	0.04%
                       Insertion average length |	2.11
                             MULTI-MAPPING READS:
        Number of reads mapped to multiple loci |	1359775
             % of reads mapped to multiple loci |	2.16%
        Number of reads mapped to too many loci |	146728
             % of reads mapped to too many loci |	0.23%
                                  UNMAPPED READS:
       % of reads unmapped: too many mismatches |	0.00%
                 % of reads unmapped: too short |	3.36%
                     % of reads unmapped: other |	0.17%
                                  CHIMERIC READS:
                       Number of chimeric reads |	0
                            % of chimeric reads |	0.00%
