                                 Started job on |	Nov 14 15:46:48
                             Started mapping on |	Nov 14 15:47:17
                                    Finished on |	Nov 14 16:08:08
       Mapping speed, Million of reads per hour |	310.08

                          Number of input reads |	107751487
                      Average input read length |	195
                                    UNIQUE READS:
                   Uniquely mapped reads number |	101126461
                        Uniquely mapped reads % |	93.85%
                          Average mapped length |	193.42
                       Number of splices: Total |	50195161
            Number of splices: Annotated (sjdb) |	48061665
                       Number of splices: GT/AG |	49493186
                       Number of splices: GC/AG |	412884
                       Number of splices: AT/AC |	43914
               Number of splices: Non-canonical |	245177
                      Mismatch rate per base, % |	0.95%
                         Deletion rate per base |	0.06%
                        Deletion average length |	2.15
                        Insertion rate per base |	0.04%
                       Insertion average length |	2.12
                             MULTI-MAPPING READS:
        Number of reads mapped to multiple loci |	2393016
             % of reads mapped to multiple loci |	2.22%
        Number of reads mapped to too many loci |	243910
             % of reads mapped to too many loci |	0.23%
                                  UNMAPPED READS:
       % of reads unmapped: too many mismatches |	0.00%
                 % of reads unmapped: too short |	3.56%
                     % of reads unmapped: other |	0.14%
                                  CHIMERIC READS:
                       Number of chimeric reads |	0
                            % of chimeric reads |	0.00%
