           Time    Speed        Read     Read   Mapped   Mapped   Mapped   Mapped Unmapped Unmapped Unmapped Unmapped
                    M/hr      number   length   unique   length   MMrate    multi   multi+       MM    short    other
Nov 14 15:48:18    223.7     3790678      195    94.3%    193.5     1.1%     2.3%     0.2%     0.0%     3.1%     0.1%
Nov 14 15:49:18    289.8     9740497      195    94.4%    193.6     1.0%     2.3%     0.2%     0.0%     3.0%     0.1%
Nov 14 15:50:18    296.7    14916425      195    94.4%    193.6     1.0%     2.3%     0.2%     0.0%     3.0%     0.1%
Nov 14 15:51:19    308.5    20736827      195    94.4%    193.6     1.0%     2.3%     0.2%     0.0%     3.0%     0.1%
Nov 14 15:52:19    316.6    26557098      195    94.4%    193.7     0.9%     2.3%     0.2%     0.0%     3.0%     0.1%
Nov 14 15:53:20    319.0    32163674      195    94.4%    193.7     0.9%     2.3%     0.2%     0.0%     3.0%     0.1%
Nov 14 15:54:20    320.5    37660829      195    94.4%    193.7     0.9%     2.3%     0.2%     0.0%     3.0%     0.1%
Nov 14 15:55:20    322.5    43265914      195    94.4%    193.7     0.9%     2.3%     0.2%     0.0%     3.0%     0.1%
Nov 14 15:56:20    324.0    48870999      195    94.4%    193.7     0.9%     2.3%     0.2%     0.0%     3.0%     0.1%
Nov 14 15:57:21    325.3    54584404      195    94.4%    193.7     0.9%     2.3%     0.2%     0.0%     3.0%     0.1%
Nov 14 15:58:21    323.4    59651495      195    94.4%    193.7     0.9%     2.3%     0.2%     0.0%     3.0%     0.1%
Nov 14 15:59:23    324.1    65364259      195    94.4%    193.7     0.9%     2.3%     0.2%     0.0%     3.0%     0.1%
Nov 14 16:00:24    324.6    70969738      195    94.4%    193.7     0.9%     2.3%     0.2%     0.0%     3.0%     0.1%
Nov 14 16:01:24    324.1    76252082      195    94.4%    193.7     1.0%     2.3%     0.2%     0.0%     3.0%     0.1%
Nov 14 16:02:24    325.8    82073073      195    94.4%    193.7     0.9%     2.3%     0.2%     0.0%     3.0%     0.1%
Nov 14 16:03:24    325.6    87462471      195    94.4%    193.7     0.9%     2.3%     0.2%     0.0%     3.0%     0.1%
Nov 14 16:04:24    326.2    93067153      195    94.4%    193.7     0.9%     2.3%     0.2%     0.0%     3.0%     0.1%
Nov 14 16:05:25    326.8    98780385      195    94.4%    193.7     0.9%     2.3%     0.2%     0.0%     3.0%     0.1%
Nov 14 16:06:25    327.3   104369896      195    94.4%    193.7     0.9%     2.3%     0.2%     0.0%     3.0%     0.1%
Nov 14 16:07:26    328.0   110169917      195    94.4%    193.7     0.9%     2.3%     0.2%     0.0%     3.0%     0.1%
Nov 14 16:13:35    262.5   115074264      195    94.4%    193.7     0.9%     2.3%     0.2%     0.0%     3.0%     0.1%
ALL DONE!
