                                 Started job on |	Nov 10 16:15:01
                             Started mapping on |	Nov 10 16:15:20
                                    Finished on |	Nov 10 16:30:18
       Mapping speed, Million of reads per hour |	337.52

                          Number of input reads |	84193624
                      Average input read length |	195
                                    UNIQUE READS:
                   Uniquely mapped reads number |	78792516
                        Uniquely mapped reads % |	93.58%
                          Average mapped length |	193.44
                       Number of splices: Total |	39164354
            Number of splices: Annotated (sjdb) |	37412828
                       Number of splices: GT/AG |	38617964
                       Number of splices: GC/AG |	325591
                       Number of splices: AT/AC |	32972
               Number of splices: Non-canonical |	187827
                      Mismatch rate per base, % |	0.93%
                         Deletion rate per base |	0.06%
                        Deletion average length |	2.17
                        Insertion rate per base |	0.04%
                       Insertion average length |	2.12
                             MULTI-MAPPING READS:
        Number of reads mapped to multiple loci |	1971113
             % of reads mapped to multiple loci |	2.34%
        Number of reads mapped to too many loci |	238193
             % of reads mapped to too many loci |	0.28%
                                  UNMAPPED READS:
       % of reads unmapped: too many mismatches |	0.00%
                 % of reads unmapped: too short |	3.57%
                     % of reads unmapped: other |	0.22%
                                  CHIMERIC READS:
                       Number of chimeric reads |	0
                            % of chimeric reads |	0.00%
