                                 Started job on |	Nov 10 15:53:45
                             Started mapping on |	Nov 10 15:53:59
                                    Finished on |	Nov 10 16:05:01
       Mapping speed, Million of reads per hour |	337.93

                          Number of input reads |	62141060
                      Average input read length |	195
                                    UNIQUE READS:
                   Uniquely mapped reads number |	58291793
                        Uniquely mapped reads % |	93.81%
                          Average mapped length |	193.32
                       Number of splices: Total |	27970172
            Number of splices: Annotated (sjdb) |	26850774
                       Number of splices: GT/AG |	27564333
                       Number of splices: GC/AG |	238544
                       Number of splices: AT/AC |	23899
               Number of splices: Non-canonical |	143396
                      Mismatch rate per base, % |	0.94%
                         Deletion rate per base |	0.06%
                        Deletion average length |	2.17
                        Insertion rate per base |	0.04%
                       Insertion average length |	2.14
                             MULTI-MAPPING READS:
        Number of reads mapped to multiple loci |	1443645
             % of reads mapped to multiple loci |	2.32%
        Number of reads mapped to too many loci |	122598
             % of reads mapped to too many loci |	0.20%
                                  UNMAPPED READS:
       % of reads unmapped: too many mismatches |	0.00%
                 % of reads unmapped: too short |	3.57%
                     % of reads unmapped: other |	0.11%
                                  CHIMERIC READS:
                       Number of chimeric reads |	0
                            % of chimeric reads |	0.00%
