                                 Started job on |	Nov 10 15:53:48
                             Started mapping on |	Nov 10 15:54:00
                                    Finished on |	Nov 10 16:06:19
       Mapping speed, Million of reads per hour |	311.31

                          Number of input reads |	63905579
                      Average input read length |	195
                                    UNIQUE READS:
                   Uniquely mapped reads number |	59730045
                        Uniquely mapped reads % |	93.47%
                          Average mapped length |	193.21
                       Number of splices: Total |	26593139
            Number of splices: Annotated (sjdb) |	25428330
                       Number of splices: GT/AG |	26187726
                       Number of splices: GC/AG |	225619
                       Number of splices: AT/AC |	23955
               Number of splices: Non-canonical |	155839
                      Mismatch rate per base, % |	0.97%
                         Deletion rate per base |	0.07%
                        Deletion average length |	2.16
                        Insertion rate per base |	0.04%
                       Insertion average length |	2.15
                             MULTI-MAPPING READS:
        Number of reads mapped to multiple loci |	1507620
             % of reads mapped to multiple loci |	2.36%
        Number of reads mapped to too many loci |	142812
             % of reads mapped to too many loci |	0.22%
                                  UNMAPPED READS:
       % of reads unmapped: too many mismatches |	0.00%
                 % of reads unmapped: too short |	3.82%
                     % of reads unmapped: other |	0.13%
                                  CHIMERIC READS:
                       Number of chimeric reads |	0
                            % of chimeric reads |	0.00%
