                                 Started job on |	Nov 10 16:02:55
                             Started mapping on |	Nov 10 16:03:11
                                    Finished on |	Nov 10 16:15:29
       Mapping speed, Million of reads per hour |	335.55

                          Number of input reads |	68788506
                      Average input read length |	195
                                    UNIQUE READS:
                   Uniquely mapped reads number |	64769314
                        Uniquely mapped reads % |	94.16%
                          Average mapped length |	193.51
                       Number of splices: Total |	32304560
            Number of splices: Annotated (sjdb) |	30874857
                       Number of splices: GT/AG |	31857961
                       Number of splices: GC/AG |	267366
                       Number of splices: AT/AC |	27647
               Number of splices: Non-canonical |	151586
                      Mismatch rate per base, % |	0.92%
                         Deletion rate per base |	0.06%
                        Deletion average length |	2.16
                        Insertion rate per base |	0.04%
                       Insertion average length |	2.12
                             MULTI-MAPPING READS:
        Number of reads mapped to multiple loci |	1525891
             % of reads mapped to multiple loci |	2.22%
        Number of reads mapped to too many loci |	145060
             % of reads mapped to too many loci |	0.21%
                                  UNMAPPED READS:
       % of reads unmapped: too many mismatches |	0.00%
                 % of reads unmapped: too short |	3.29%
                     % of reads unmapped: other |	0.12%
                                  CHIMERIC READS:
                       Number of chimeric reads |	0
                            % of chimeric reads |	0.00%
