                                 Started job on |	Nov 10 16:02:55
                             Started mapping on |	Nov 10 16:03:12
                                    Finished on |	Nov 10 16:14:55
       Mapping speed, Million of reads per hour |	353.85

                          Number of input reads |	69099082
                      Average input read length |	195
                                    UNIQUE READS:
                   Uniquely mapped reads number |	65299066
                        Uniquely mapped reads % |	94.50%
                          Average mapped length |	193.67
                       Number of splices: Total |	38147497
            Number of splices: Annotated (sjdb) |	36780582
                       Number of splices: GT/AG |	37666980
                       Number of splices: GC/AG |	316310
                       Number of splices: AT/AC |	32285
               Number of splices: Non-canonical |	131922
                      Mismatch rate per base, % |	0.87%
                         Deletion rate per base |	0.05%
                        Deletion average length |	2.08
                        Insertion rate per base |	0.03%
                       Insertion average length |	2.04
                             MULTI-MAPPING READS:
        Number of reads mapped to multiple loci |	1686387
             % of reads mapped to multiple loci |	2.44%
        Number of reads mapped to too many loci |	85216
             % of reads mapped to too many loci |	0.12%
                                  UNMAPPED READS:
       % of reads unmapped: too many mismatches |	0.00%
                 % of reads unmapped: too short |	2.87%
                     % of reads unmapped: other |	0.06%
                                  CHIMERIC READS:
                       Number of chimeric reads |	0
                            % of chimeric reads |	0.00%
