           Time    Speed        Read     Read   Mapped   Mapped   Mapped   Mapped Unmapped Unmapped Unmapped Unmapped
                    M/hr      number   length   unique   length   MMrate    multi   multi+       MM    short    other
Nov 14 15:48:17    214.3     3572014      195    94.4%    193.6     1.0%     2.2%     0.2%     0.0%     3.2%     0.1%
Nov 14 15:49:18    270.3     9085968      195    94.5%    193.7     0.9%     2.2%     0.2%     0.0%     3.1%     0.1%
Nov 14 15:50:18    287.9    14476416      195    94.5%    193.7     1.0%     2.2%     0.2%     0.0%     3.1%     0.1%
Nov 14 15:51:24    291.1    19970039      195    94.5%    193.7     0.9%     2.2%     0.2%     0.0%     3.1%     0.1%
Nov 14 15:52:24    296.1    25249553      195    94.5%    193.7     0.9%     2.2%     0.2%     0.0%     3.1%     0.1%
Nov 14 15:53:24    300.5    30635472      195    94.5%    193.7     0.9%     2.2%     0.2%     0.0%     3.1%     0.1%
Nov 14 15:54:24    303.7    36022357      195    94.5%    193.7     0.9%     2.2%     0.2%     0.0%     3.1%     0.1%
Nov 14 15:55:24    303.7    41085458      195    94.5%    193.7     0.9%     2.2%     0.2%     0.0%     3.1%     0.1%
Nov 14 15:56:24    305.8    46472131      195    94.5%    193.8     0.9%     2.2%     0.2%     0.0%     3.1%     0.1%
Nov 14 15:57:24    305.7    51536025      195    94.5%    193.7     0.9%     2.2%     0.2%     0.0%     3.1%     0.1%
Nov 14 15:58:24    305.5    56599465      195    94.5%    193.7     0.9%     2.2%     0.2%     0.0%     3.1%     0.1%
Nov 14 15:59:24    304.8    61555797      195    94.5%    193.7     0.9%     2.2%     0.2%     0.0%     3.1%     0.1%
Nov 14 16:00:26    305.9    67050028      195    94.5%    193.7     0.9%     2.2%     0.2%     0.0%     3.1%     0.1%
Nov 14 16:01:26    307.2    72436262      195    94.5%    193.7     0.9%     2.2%     0.2%     0.0%     3.1%     0.1%
Nov 14 16:02:26    309.1    78038406      195    94.5%    193.7     0.9%     2.2%     0.2%     0.0%     3.1%     0.1%
Nov 14 16:03:27    310.4    83640259      195    94.5%    193.7     0.9%     2.2%     0.2%     0.0%     3.1%     0.1%
Nov 14 16:04:30    309.5    88811006      195    94.5%    193.7     0.9%     2.2%     0.2%     0.0%     3.1%     0.1%
Nov 14 16:05:30    311.3    94520831      195    94.5%    193.8     0.9%     2.2%     0.2%     0.0%     3.1%     0.1%
Nov 14 16:10:31    252.8    97891041      195    94.5%    193.8     0.9%     2.2%     0.2%     0.0%     3.1%     0.1%
ALL DONE!
