                                 Started job on |	Nov 08 10:53:25
                             Started mapping on |	Nov 08 10:53:50
                                    Finished on |	Nov 08 11:02:27
       Mapping speed, Million of reads per hour |	331.42

                          Number of input reads |	47595299
                      Average input read length |	195
                                    UNIQUE READS:
                   Uniquely mapped reads number |	44758459
                        Uniquely mapped reads % |	94.04%
                          Average mapped length |	193.44
                       Number of splices: Total |	22587616
            Number of splices: Annotated (sjdb) |	21620393
                       Number of splices: GT/AG |	22276046
                       Number of splices: GC/AG |	186674
                       Number of splices: AT/AC |	18763
               Number of splices: Non-canonical |	106133
                      Mismatch rate per base, % |	0.93%
                         Deletion rate per base |	0.06%
                        Deletion average length |	2.16
                        Insertion rate per base |	0.04%
                       Insertion average length |	2.09
                             MULTI-MAPPING READS:
        Number of reads mapped to multiple loci |	1021896
             % of reads mapped to multiple loci |	2.15%
        Number of reads mapped to too many loci |	92034
             % of reads mapped to too many loci |	0.19%
                                  UNMAPPED READS:
       % of reads unmapped: too many mismatches |	0.00%
                 % of reads unmapped: too short |	3.49%
                     % of reads unmapped: other |	0.13%
                                  CHIMERIC READS:
                       Number of chimeric reads |	0
                            % of chimeric reads |	0.00%
