                                 Started job on |	Nov 08 10:35:02
                             Started mapping on |	Nov 08 10:35:17
                                    Finished on |	Nov 08 10:42:36
       Mapping speed, Million of reads per hour |	295.58

                          Number of input reads |	36044598
                      Average input read length |	195
                                    UNIQUE READS:
                   Uniquely mapped reads number |	33732534
                        Uniquely mapped reads % |	93.59%
                          Average mapped length |	193.44
                       Number of splices: Total |	17343615
            Number of splices: Annotated (sjdb) |	16596912
                       Number of splices: GT/AG |	17106045
                       Number of splices: GC/AG |	141729
                       Number of splices: AT/AC |	14779
               Number of splices: Non-canonical |	81062
                      Mismatch rate per base, % |	0.95%
                         Deletion rate per base |	0.06%
                        Deletion average length |	2.15
                        Insertion rate per base |	0.04%
                       Insertion average length |	2.09
                             MULTI-MAPPING READS:
        Number of reads mapped to multiple loci |	867101
             % of reads mapped to multiple loci |	2.41%
        Number of reads mapped to too many loci |	84219
             % of reads mapped to too many loci |	0.23%
                                  UNMAPPED READS:
       % of reads unmapped: too many mismatches |	0.00%
                 % of reads unmapped: too short |	3.59%
                     % of reads unmapped: other |	0.18%
                                  CHIMERIC READS:
                       Number of chimeric reads |	0
                            % of chimeric reads |	0.00%
