                                 Started job on |	Nov 08 11:02:49
                             Started mapping on |	Nov 08 11:03:49
                                    Finished on |	Nov 08 11:11:20
       Mapping speed, Million of reads per hour |	327.29

                          Number of input reads |	41002655
                      Average input read length |	195
                                    UNIQUE READS:
                   Uniquely mapped reads number |	38421238
                        Uniquely mapped reads % |	93.70%
                          Average mapped length |	193.52
                       Number of splices: Total |	19658629
            Number of splices: Annotated (sjdb) |	18830083
                       Number of splices: GT/AG |	19386333
                       Number of splices: GC/AG |	165241
                       Number of splices: AT/AC |	16953
               Number of splices: Non-canonical |	90102
                      Mismatch rate per base, % |	0.91%
                         Deletion rate per base |	0.06%
                        Deletion average length |	2.16
                        Insertion rate per base |	0.04%
                       Insertion average length |	2.11
                             MULTI-MAPPING READS:
        Number of reads mapped to multiple loci |	946988
             % of reads mapped to multiple loci |	2.31%
        Number of reads mapped to too many loci |	77688
             % of reads mapped to too many loci |	0.19%
                                  UNMAPPED READS:
       % of reads unmapped: too many mismatches |	0.00%
                 % of reads unmapped: too short |	3.68%
                     % of reads unmapped: other |	0.12%
                                  CHIMERIC READS:
                       Number of chimeric reads |	0
                            % of chimeric reads |	0.00%
