                                 Started job on |	Nov 08 11:05:41
                             Started mapping on |	Nov 08 11:05:54
                                    Finished on |	Nov 08 11:13:17
       Mapping speed, Million of reads per hour |	414.60

                          Number of input reads |	51019043
                      Average input read length |	195
                                    UNIQUE READS:
                   Uniquely mapped reads number |	47819757
                        Uniquely mapped reads % |	93.73%
                          Average mapped length |	193.80
                       Number of splices: Total |	26820189
            Number of splices: Annotated (sjdb) |	25675993
                       Number of splices: GT/AG |	26472409
                       Number of splices: GC/AG |	221083
                       Number of splices: AT/AC |	20528
               Number of splices: Non-canonical |	106169
                      Mismatch rate per base, % |	0.90%
                         Deletion rate per base |	0.05%
                        Deletion average length |	2.13
                        Insertion rate per base |	0.03%
                       Insertion average length |	2.10
                             MULTI-MAPPING READS:
        Number of reads mapped to multiple loci |	1497801
             % of reads mapped to multiple loci |	2.94%
        Number of reads mapped to too many loci |	79231
             % of reads mapped to too many loci |	0.16%
                                  UNMAPPED READS:
       % of reads unmapped: too many mismatches |	0.00%
                 % of reads unmapped: too short |	3.11%
                     % of reads unmapped: other |	0.07%
                                  CHIMERIC READS:
                       Number of chimeric reads |	0
                            % of chimeric reads |	0.00%
