                                 Started job on |	Nov 08 11:05:39
                             Started mapping on |	Nov 08 11:05:46
                                    Finished on |	Nov 08 11:11:01
       Mapping speed, Million of reads per hour |	377.06

                          Number of input reads |	32993033
                      Average input read length |	195
                                    UNIQUE READS:
                   Uniquely mapped reads number |	31195450
                        Uniquely mapped reads % |	94.55%
                          Average mapped length |	193.46
                       Number of splices: Total |	16035279
            Number of splices: Annotated (sjdb) |	15355719
                       Number of splices: GT/AG |	15821804
                       Number of splices: GC/AG |	132084
                       Number of splices: AT/AC |	13335
               Number of splices: Non-canonical |	68056
                      Mismatch rate per base, % |	0.91%
                         Deletion rate per base |	0.05%
                        Deletion average length |	2.13
                        Insertion rate per base |	0.04%
                       Insertion average length |	2.06
                             MULTI-MAPPING READS:
        Number of reads mapped to multiple loci |	698483
             % of reads mapped to multiple loci |	2.12%
        Number of reads mapped to too many loci |	56143
             % of reads mapped to too many loci |	0.17%
                                  UNMAPPED READS:
       % of reads unmapped: too many mismatches |	0.00%
                 % of reads unmapped: too short |	3.07%
                     % of reads unmapped: other |	0.09%
                                  CHIMERIC READS:
                       Number of chimeric reads |	0
                            % of chimeric reads |	0.00%
