                                 Started job on |	Nov 08 11:02:36
                             Started mapping on |	Nov 08 11:02:46
                                    Finished on |	Nov 08 11:13:30
       Mapping speed, Million of reads per hour |	285.85

                          Number of input reads |	51134879
                      Average input read length |	195
                                    UNIQUE READS:
                   Uniquely mapped reads number |	48042077
                        Uniquely mapped reads % |	93.95%
                          Average mapped length |	193.68
                       Number of splices: Total |	27489667
            Number of splices: Annotated (sjdb) |	26347031
                       Number of splices: GT/AG |	27149515
                       Number of splices: GC/AG |	219934
                       Number of splices: AT/AC |	20575
               Number of splices: Non-canonical |	99643
                      Mismatch rate per base, % |	0.90%
                         Deletion rate per base |	0.05%
                        Deletion average length |	2.10
                        Insertion rate per base |	0.03%
                       Insertion average length |	2.08
                             MULTI-MAPPING READS:
        Number of reads mapped to multiple loci |	1410717
             % of reads mapped to multiple loci |	2.76%
        Number of reads mapped to too many loci |	83041
             % of reads mapped to too many loci |	0.16%
                                  UNMAPPED READS:
       % of reads unmapped: too many mismatches |	0.00%
                 % of reads unmapped: too short |	3.04%
                     % of reads unmapped: other |	0.08%
                                  CHIMERIC READS:
                       Number of chimeric reads |	0
                            % of chimeric reads |	0.00%
