                                 Started job on |	Nov 08 10:53:25
                             Started mapping on |	Nov 08 10:53:50
                                    Finished on |	Nov 08 11:02:30
       Mapping speed, Million of reads per hour |	339.82

                          Number of input reads |	49084476
                      Average input read length |	195
                                    UNIQUE READS:
                   Uniquely mapped reads number |	45854170
                        Uniquely mapped reads % |	93.42%
                          Average mapped length |	193.50
                       Number of splices: Total |	22211896
            Number of splices: Annotated (sjdb) |	21238632
                       Number of splices: GT/AG |	21894946
                       Number of splices: GC/AG |	185587
                       Number of splices: AT/AC |	18712
               Number of splices: Non-canonical |	112651
                      Mismatch rate per base, % |	0.94%
                         Deletion rate per base |	0.06%
                        Deletion average length |	2.20
                        Insertion rate per base |	0.04%
                       Insertion average length |	2.18
                             MULTI-MAPPING READS:
        Number of reads mapped to multiple loci |	1136988
             % of reads mapped to multiple loci |	2.32%
        Number of reads mapped to too many loci |	137323
             % of reads mapped to too many loci |	0.28%
                                  UNMAPPED READS:
       % of reads unmapped: too many mismatches |	0.00%
                 % of reads unmapped: too short |	3.80%
                     % of reads unmapped: other |	0.19%
                                  CHIMERIC READS:
                       Number of chimeric reads |	0
                            % of chimeric reads |	0.00%
