                                 Started job on |	Nov 08 10:53:23
                             Started mapping on |	Nov 08 10:53:28
                                    Finished on |	Nov 08 11:00:38
       Mapping speed, Million of reads per hour |	346.48

                          Number of input reads |	41384894
                      Average input read length |	195
                                    UNIQUE READS:
                   Uniquely mapped reads number |	38643752
                        Uniquely mapped reads % |	93.38%
                          Average mapped length |	193.36
                       Number of splices: Total |	18265412
            Number of splices: Annotated (sjdb) |	17474408
                       Number of splices: GT/AG |	18002961
                       Number of splices: GC/AG |	149787
                       Number of splices: AT/AC |	15718
               Number of splices: Non-canonical |	96946
                      Mismatch rate per base, % |	0.96%
                         Deletion rate per base |	0.06%
                        Deletion average length |	2.19
                        Insertion rate per base |	0.05%
                       Insertion average length |	2.11
                             MULTI-MAPPING READS:
        Number of reads mapped to multiple loci |	990325
             % of reads mapped to multiple loci |	2.39%
        Number of reads mapped to too many loci |	80752
             % of reads mapped to too many loci |	0.20%
                                  UNMAPPED READS:
       % of reads unmapped: too many mismatches |	0.00%
                 % of reads unmapped: too short |	3.93%
                     % of reads unmapped: other |	0.11%
                                  CHIMERIC READS:
                       Number of chimeric reads |	0
                            % of chimeric reads |	0.00%
