                                 Started job on |	Nov 08 10:53:25
                             Started mapping on |	Nov 08 10:54:55
                                    Finished on |	Nov 08 11:03:23
       Mapping speed, Million of reads per hour |	282.78

                          Number of input reads |	39903244
                      Average input read length |	195
                                    UNIQUE READS:
                   Uniquely mapped reads number |	37276053
                        Uniquely mapped reads % |	93.42%
                          Average mapped length |	193.57
                       Number of splices: Total |	18503783
            Number of splices: Annotated (sjdb) |	17683982
                       Number of splices: GT/AG |	18248396
                       Number of splices: GC/AG |	150207
                       Number of splices: AT/AC |	15282
               Number of splices: Non-canonical |	89898
                      Mismatch rate per base, % |	0.94%
                         Deletion rate per base |	0.06%
                        Deletion average length |	2.15
                        Insertion rate per base |	0.04%
                       Insertion average length |	2.11
                             MULTI-MAPPING READS:
        Number of reads mapped to multiple loci |	959029
             % of reads mapped to multiple loci |	2.40%
        Number of reads mapped to too many loci |	119522
             % of reads mapped to too many loci |	0.30%
                                  UNMAPPED READS:
       % of reads unmapped: too many mismatches |	0.00%
                 % of reads unmapped: too short |	3.65%
                     % of reads unmapped: other |	0.23%
                                  CHIMERIC READS:
                       Number of chimeric reads |	0
                            % of chimeric reads |	0.00%
