                                 Started job on |	Nov 08 10:53:25
                             Started mapping on |	Nov 08 10:53:50
                                    Finished on |	Nov 08 10:59:59
       Mapping speed, Million of reads per hour |	339.64

                          Number of input reads |	34813329
                      Average input read length |	195
                                    UNIQUE READS:
                   Uniquely mapped reads number |	32895611
                        Uniquely mapped reads % |	94.49%
                          Average mapped length |	193.67
                       Number of splices: Total |	19071508
            Number of splices: Annotated (sjdb) |	18388234
                       Number of splices: GT/AG |	18830651
                       Number of splices: GC/AG |	157698
                       Number of splices: AT/AC |	16214
               Number of splices: Non-canonical |	66945
                      Mismatch rate per base, % |	0.87%
                         Deletion rate per base |	0.05%
                        Deletion average length |	2.09
                        Insertion rate per base |	0.03%
                       Insertion average length |	2.04
                             MULTI-MAPPING READS:
        Number of reads mapped to multiple loci |	852156
             % of reads mapped to multiple loci |	2.45%
        Number of reads mapped to too many loci |	43071
             % of reads mapped to too many loci |	0.12%
                                  UNMAPPED READS:
       % of reads unmapped: too many mismatches |	0.00%
                 % of reads unmapped: too short |	2.87%
                     % of reads unmapped: other |	0.06%
                                  CHIMERIC READS:
                       Number of chimeric reads |	0
                            % of chimeric reads |	0.00%
