                                 Started job on |	Nov 08 10:53:25
                             Started mapping on |	Nov 08 10:53:41
                                    Finished on |	Nov 08 11:01:21
       Mapping speed, Million of reads per hour |	273.64

                          Number of input reads |	34965089
                      Average input read length |	195
                                    UNIQUE READS:
                   Uniquely mapped reads number |	32522410
                        Uniquely mapped reads % |	93.01%
                          Average mapped length |	193.11
                       Number of splices: Total |	14601415
            Number of splices: Annotated (sjdb) |	13954466
                       Number of splices: GT/AG |	14383746
                       Number of splices: GC/AG |	118963
                       Number of splices: AT/AC |	12389
               Number of splices: Non-canonical |	86317
                      Mismatch rate per base, % |	0.96%
                         Deletion rate per base |	0.07%
                        Deletion average length |	2.17
                        Insertion rate per base |	0.05%
                       Insertion average length |	2.12
                             MULTI-MAPPING READS:
        Number of reads mapped to multiple loci |	884722
             % of reads mapped to multiple loci |	2.53%
        Number of reads mapped to too many loci |	78317
             % of reads mapped to too many loci |	0.22%
                                  UNMAPPED READS:
       % of reads unmapped: too many mismatches |	0.00%
                 % of reads unmapped: too short |	4.10%
                     % of reads unmapped: other |	0.13%
                                  CHIMERIC READS:
                       Number of chimeric reads |	0
                            % of chimeric reads |	0.00%
