                                 Started job on |	Nov 08 10:53:25
                             Started mapping on |	Nov 08 10:53:50
                                    Finished on |	Nov 08 11:01:06
       Mapping speed, Million of reads per hour |	345.31

                          Number of input reads |	41820765
                      Average input read length |	195
                                    UNIQUE READS:
                   Uniquely mapped reads number |	39125932
                        Uniquely mapped reads % |	93.56%
                          Average mapped length |	193.44
                       Number of splices: Total |	19337857
            Number of splices: Annotated (sjdb) |	18469875
                       Number of splices: GT/AG |	19066796
                       Number of splices: GC/AG |	160907
                       Number of splices: AT/AC |	16255
               Number of splices: Non-canonical |	93899
                      Mismatch rate per base, % |	0.92%
                         Deletion rate per base |	0.06%
                        Deletion average length |	2.17
                        Insertion rate per base |	0.04%
                       Insertion average length |	2.12
                             MULTI-MAPPING READS:
        Number of reads mapped to multiple loci |	983685
             % of reads mapped to multiple loci |	2.35%
        Number of reads mapped to too many loci |	119254
             % of reads mapped to too many loci |	0.29%
                                  UNMAPPED READS:
       % of reads unmapped: too many mismatches |	0.00%
                 % of reads unmapped: too short |	3.58%
                     % of reads unmapped: other |	0.23%
                                  CHIMERIC READS:
                       Number of chimeric reads |	0
                            % of chimeric reads |	0.00%
