                                 Started job on |	Nov 08 10:35:02
                             Started mapping on |	Nov 08 10:35:08
                                    Finished on |	Nov 08 10:41:27
       Mapping speed, Million of reads per hour |	355.82

                          Number of input reads |	37460406
                      Average input read length |	195
                                    UNIQUE READS:
                   Uniquely mapped reads number |	35053683
                        Uniquely mapped reads % |	93.58%
                          Average mapped length |	193.14
                       Number of splices: Total |	16402787
            Number of splices: Annotated (sjdb) |	15700409
                       Number of splices: GT/AG |	16167034
                       Number of splices: GC/AG |	135295
                       Number of splices: AT/AC |	14343
               Number of splices: Non-canonical |	86115
                      Mismatch rate per base, % |	0.95%
                         Deletion rate per base |	0.06%
                        Deletion average length |	2.17
                        Insertion rate per base |	0.04%
                       Insertion average length |	2.09
                             MULTI-MAPPING READS:
        Number of reads mapped to multiple loci |	914256
             % of reads mapped to multiple loci |	2.44%
        Number of reads mapped to too many loci |	66479
             % of reads mapped to too many loci |	0.18%
                                  UNMAPPED READS:
       % of reads unmapped: too many mismatches |	0.00%
                 % of reads unmapped: too short |	3.70%
                     % of reads unmapped: other |	0.11%
                                  CHIMERIC READS:
                       Number of chimeric reads |	0
                            % of chimeric reads |	0.00%
