                                 Started job on |	Nov 08 10:32:06
                             Started mapping on |	Nov 08 10:32:26
                                    Finished on |	Nov 08 10:38:27
       Mapping speed, Million of reads per hour |	312.07

                          Number of input reads |	31293760
                      Average input read length |	195
                                    UNIQUE READS:
                   Uniquely mapped reads number |	29435161
                        Uniquely mapped reads % |	94.06%
                          Average mapped length |	193.50
                       Number of splices: Total |	14388193
            Number of splices: Annotated (sjdb) |	13768598
                       Number of splices: GT/AG |	14187626
                       Number of splices: GC/AG |	119185
                       Number of splices: AT/AC |	12634
               Number of splices: Non-canonical |	68748
                      Mismatch rate per base, % |	0.92%
                         Deletion rate per base |	0.06%
                        Deletion average length |	2.17
                        Insertion rate per base |	0.04%
                       Insertion average length |	2.11
                             MULTI-MAPPING READS:
        Number of reads mapped to multiple loci |	678975
             % of reads mapped to multiple loci |	2.17%
        Number of reads mapped to too many loci |	73292
             % of reads mapped to too many loci |	0.23%
                                  UNMAPPED READS:
       % of reads unmapped: too many mismatches |	0.00%
                 % of reads unmapped: too short |	3.37%
                     % of reads unmapped: other |	0.17%
                                  CHIMERIC READS:
                       Number of chimeric reads |	0
                            % of chimeric reads |	0.00%
