                                 Started job on |	Nov 08 11:05:41
                             Started mapping on |	Nov 08 11:05:56
                                    Finished on |	Nov 08 11:14:11
       Mapping speed, Million of reads per hour |	379.29

                          Number of input reads |	52152940
                      Average input read length |	195
                                    UNIQUE READS:
                   Uniquely mapped reads number |	49320277
                        Uniquely mapped reads % |	94.57%
                          Average mapped length |	194.11
                       Number of splices: Total |	28714964
            Number of splices: Annotated (sjdb) |	27661863
                       Number of splices: GT/AG |	28340424
                       Number of splices: GC/AG |	245120
                       Number of splices: AT/AC |	23591
               Number of splices: Non-canonical |	105829
                      Mismatch rate per base, % |	0.85%
                         Deletion rate per base |	0.05%
                        Deletion average length |	2.11
                        Insertion rate per base |	0.03%
                       Insertion average length |	2.15
                             MULTI-MAPPING READS:
        Number of reads mapped to multiple loci |	1285911
             % of reads mapped to multiple loci |	2.47%
        Number of reads mapped to too many loci |	70718
             % of reads mapped to too many loci |	0.14%
                                  UNMAPPED READS:
       % of reads unmapped: too many mismatches |	0.00%
                 % of reads unmapped: too short |	2.77%
                     % of reads unmapped: other |	0.06%
                                  CHIMERIC READS:
                       Number of chimeric reads |	0
                            % of chimeric reads |	0.00%
