                                 Started job on |	Nov 08 10:32:06
                             Started mapping on |	Nov 08 10:32:27
                                    Finished on |	Nov 08 10:38:32
       Mapping speed, Million of reads per hour |	284.47

                          Number of input reads |	28842022
                      Average input read length |	195
                                    UNIQUE READS:
                   Uniquely mapped reads number |	27204207
                        Uniquely mapped reads % |	94.32%
                          Average mapped length |	193.40
                       Number of splices: Total |	13168040
            Number of splices: Annotated (sjdb) |	12616230
                       Number of splices: GT/AG |	12981850
                       Number of splices: GC/AG |	110128
                       Number of splices: AT/AC |	11398
               Number of splices: Non-canonical |	64664
                      Mismatch rate per base, % |	0.94%
                         Deletion rate per base |	0.06%
                        Deletion average length |	2.17
                        Insertion rate per base |	0.04%
                       Insertion average length |	2.13
                             MULTI-MAPPING READS:
        Number of reads mapped to multiple loci |	608482
             % of reads mapped to multiple loci |	2.11%
        Number of reads mapped to too many loci |	49389
             % of reads mapped to too many loci |	0.17%
                                  UNMAPPED READS:
       % of reads unmapped: too many mismatches |	0.00%
                 % of reads unmapped: too short |	3.32%
                     % of reads unmapped: other |	0.08%
                                  CHIMERIC READS:
                       Number of chimeric reads |	0
                            % of chimeric reads |	0.00%
