                                 Started job on |	Nov 08 10:32:06
                             Started mapping on |	Nov 08 10:32:26
                                    Finished on |	Nov 08 10:38:27
       Mapping speed, Million of reads per hour |	318.84

                          Number of input reads |	31972578
                      Average input read length |	195
                                    UNIQUE READS:
                   Uniquely mapped reads number |	29870344
                        Uniquely mapped reads % |	93.42%
                          Average mapped length |	193.20
                       Number of splices: Total |	13175730
            Number of splices: Annotated (sjdb) |	12596334
                       Number of splices: GT/AG |	12973801
                       Number of splices: GC/AG |	111374
                       Number of splices: AT/AC |	11943
               Number of splices: Non-canonical |	78612
                      Mismatch rate per base, % |	0.97%
                         Deletion rate per base |	0.07%
                        Deletion average length |	2.16
                        Insertion rate per base |	0.04%
                       Insertion average length |	2.15
                             MULTI-MAPPING READS:
        Number of reads mapped to multiple loci |	758726
             % of reads mapped to multiple loci |	2.37%
        Number of reads mapped to too many loci |	71824
             % of reads mapped to too many loci |	0.22%
                                  UNMAPPED READS:
       % of reads unmapped: too many mismatches |	0.00%
                 % of reads unmapped: too short |	3.85%
                     % of reads unmapped: other |	0.13%
                                  CHIMERIC READS:
                       Number of chimeric reads |	0
                            % of chimeric reads |	0.00%
