                                 Started job on |	Nov 08 10:53:25
                             Started mapping on |	Nov 08 10:53:50
                                    Finished on |	Nov 08 11:02:21
       Mapping speed, Million of reads per hour |	324.12

                          Number of input reads |	46007034
                      Average input read length |	195
                                    UNIQUE READS:
                   Uniquely mapped reads number |	43232288
                        Uniquely mapped reads % |	93.97%
                          Average mapped length |	193.46
                       Number of splices: Total |	23134539
            Number of splices: Annotated (sjdb) |	22190371
                       Number of splices: GT/AG |	22824623
                       Number of splices: GC/AG |	191371
                       Number of splices: AT/AC |	18719
               Number of splices: Non-canonical |	99826
                      Mismatch rate per base, % |	0.93%
                         Deletion rate per base |	0.05%
                        Deletion average length |	2.15
                        Insertion rate per base |	0.04%
                       Insertion average length |	2.08
                             MULTI-MAPPING READS:
        Number of reads mapped to multiple loci |	1021155
             % of reads mapped to multiple loci |	2.22%
        Number of reads mapped to too many loci |	77004
             % of reads mapped to too many loci |	0.17%
                                  UNMAPPED READS:
       % of reads unmapped: too many mismatches |	0.00%
                 % of reads unmapped: too short |	3.54%
                     % of reads unmapped: other |	0.10%
                                  CHIMERIC READS:
                       Number of chimeric reads |	0
                            % of chimeric reads |	0.00%
