                                 Started job on |	Nov 08 10:31:59
                             Started mapping on |	Nov 08 10:32:26
                                    Finished on |	Nov 08 10:32:40
       Mapping speed, Million of reads per hour |	64.87

                          Number of input reads |	252276
                      Average input read length |	195
                                    UNIQUE READS:
                   Uniquely mapped reads number |	235179
                        Uniquely mapped reads % |	93.22%
                          Average mapped length |	193.49
                       Number of splices: Total |	127307
            Number of splices: Annotated (sjdb) |	122033
                       Number of splices: GT/AG |	125609
                       Number of splices: GC/AG |	1072
                       Number of splices: AT/AC |	134
               Number of splices: Non-canonical |	492
                      Mismatch rate per base, % |	0.92%
                         Deletion rate per base |	0.05%
                        Deletion average length |	2.18
                        Insertion rate per base |	0.03%
                       Insertion average length |	2.13
                             MULTI-MAPPING READS:
        Number of reads mapped to multiple loci |	6001
             % of reads mapped to multiple loci |	2.38%
        Number of reads mapped to too many loci |	402
             % of reads mapped to too many loci |	0.16%
                                  UNMAPPED READS:
       % of reads unmapped: too many mismatches |	0.00%
                 % of reads unmapped: too short |	4.15%
                     % of reads unmapped: other |	0.09%
                                  CHIMERIC READS:
                       Number of chimeric reads |	0
                            % of chimeric reads |	0.00%
