                                 Started job on |	Nov 08 11:05:41
                             Started mapping on |	Nov 08 11:05:54
                                    Finished on |	Nov 08 11:11:41
       Mapping speed, Million of reads per hour |	403.57

                          Number of input reads |	38899212
                      Average input read length |	195
                                    UNIQUE READS:
                   Uniquely mapped reads number |	36408189
                        Uniquely mapped reads % |	93.60%
                          Average mapped length |	193.38
                       Number of splices: Total |	17697140
            Number of splices: Annotated (sjdb) |	16931148
                       Number of splices: GT/AG |	17442398
                       Number of splices: GC/AG |	148277
                       Number of splices: AT/AC |	15490
               Number of splices: Non-canonical |	90975
                      Mismatch rate per base, % |	0.96%
                         Deletion rate per base |	0.06%
                        Deletion average length |	2.15
                        Insertion rate per base |	0.04%
                       Insertion average length |	2.14
                             MULTI-MAPPING READS:
        Number of reads mapped to multiple loci |	907930
             % of reads mapped to multiple loci |	2.33%
        Number of reads mapped to too many loci |	72947
             % of reads mapped to too many loci |	0.19%
                                  UNMAPPED READS:
       % of reads unmapped: too many mismatches |	0.00%
                 % of reads unmapped: too short |	3.78%
                     % of reads unmapped: other |	0.11%
                                  CHIMERIC READS:
                       Number of chimeric reads |	0
                            % of chimeric reads |	0.00%
