                                 Started job on |	Nov 08 11:05:41
                             Started mapping on |	Nov 08 11:05:57
                                    Finished on |	Nov 08 11:13:40
       Mapping speed, Million of reads per hour |	323.59

                          Number of input reads |	41617856
                      Average input read length |	195
                                    UNIQUE READS:
                   Uniquely mapped reads number |	39251291
                        Uniquely mapped reads % |	94.31%
                          Average mapped length |	193.74
                       Number of splices: Total |	20777491
            Number of splices: Annotated (sjdb) |	19873695
                       Number of splices: GT/AG |	20496660
                       Number of splices: GC/AG |	171729
                       Number of splices: AT/AC |	17037
               Number of splices: Non-canonical |	92065
                      Mismatch rate per base, % |	0.92%
                         Deletion rate per base |	0.05%
                        Deletion average length |	2.13
                        Insertion rate per base |	0.04%
                       Insertion average length |	2.10
                             MULTI-MAPPING READS:
        Number of reads mapped to multiple loci |	906135
             % of reads mapped to multiple loci |	2.18%
        Number of reads mapped to too many loci |	79911
             % of reads mapped to too many loci |	0.19%
                                  UNMAPPED READS:
       % of reads unmapped: too many mismatches |	0.00%
                 % of reads unmapped: too short |	3.21%
                     % of reads unmapped: other |	0.11%
                                  CHIMERIC READS:
                       Number of chimeric reads |	0
                            % of chimeric reads |	0.00%
