                                 Started job on |	Nov 08 11:02:35
                             Started mapping on |	Nov 08 11:02:41
                                    Finished on |	Nov 08 11:11:27
       Mapping speed, Million of reads per hour |	357.16

                          Number of input reads |	52184832
                      Average input read length |	195
                                    UNIQUE READS:
                   Uniquely mapped reads number |	48941849
                        Uniquely mapped reads % |	93.79%
                          Average mapped length |	193.58
                       Number of splices: Total |	24999636
            Number of splices: Annotated (sjdb) |	23902022
                       Number of splices: GT/AG |	24653079
                       Number of splices: GC/AG |	208635
                       Number of splices: AT/AC |	20772
               Number of splices: Non-canonical |	117150
                      Mismatch rate per base, % |	0.93%
                         Deletion rate per base |	0.06%
                        Deletion average length |	2.14
                        Insertion rate per base |	0.04%
                       Insertion average length |	2.09
                             MULTI-MAPPING READS:
        Number of reads mapped to multiple loci |	1183907
             % of reads mapped to multiple loci |	2.27%
        Number of reads mapped to too many loci |	149108
             % of reads mapped to too many loci |	0.29%
                                  UNMAPPED READS:
       % of reads unmapped: too many mismatches |	0.00%
                 % of reads unmapped: too short |	3.42%
                     % of reads unmapped: other |	0.24%
                                  CHIMERIC READS:
                       Number of chimeric reads |	0
                            % of chimeric reads |	0.00%
