                                 Started job on |	Nov 08 10:35:05
                             Started mapping on |	Nov 08 10:35:16
                                    Finished on |	Nov 08 10:42:04
       Mapping speed, Million of reads per hour |	368.43

                          Number of input reads |	41755279
                      Average input read length |	195
                                    UNIQUE READS:
                   Uniquely mapped reads number |	39245895
                        Uniquely mapped reads % |	93.99%
                          Average mapped length |	193.62
                       Number of splices: Total |	20680919
            Number of splices: Annotated (sjdb) |	19847338
                       Number of splices: GT/AG |	20400004
                       Number of splices: GC/AG |	171919
                       Number of splices: AT/AC |	17338
               Number of splices: Non-canonical |	91658
                      Mismatch rate per base, % |	0.97%
                         Deletion rate per base |	0.06%
                        Deletion average length |	2.16
                        Insertion rate per base |	0.04%
                       Insertion average length |	2.09
                             MULTI-MAPPING READS:
        Number of reads mapped to multiple loci |	936660
             % of reads mapped to multiple loci |	2.24%
        Number of reads mapped to too many loci |	77746
             % of reads mapped to too many loci |	0.19%
                                  UNMAPPED READS:
       % of reads unmapped: too many mismatches |	0.00%
                 % of reads unmapped: too short |	3.46%
                     % of reads unmapped: other |	0.12%
                                  CHIMERIC READS:
                       Number of chimeric reads |	0
                            % of chimeric reads |	0.00%
