                                 Started job on |	Nov 08 10:56:27
                             Started mapping on |	Nov 08 10:56:32
                                    Finished on |	Nov 08 11:06:13
       Mapping speed, Million of reads per hour |	351.20

                          Number of input reads |	56680426
                      Average input read length |	195
                                    UNIQUE READS:
                   Uniquely mapped reads number |	53397719
                        Uniquely mapped reads % |	94.21%
                          Average mapped length |	193.55
                       Number of splices: Total |	28361421
            Number of splices: Annotated (sjdb) |	27176836
                       Number of splices: GT/AG |	27981702
                       Number of splices: GC/AG |	233158
                       Number of splices: AT/AC |	23171
               Number of splices: Non-canonical |	123390
                      Mismatch rate per base, % |	0.93%
                         Deletion rate per base |	0.06%
                        Deletion average length |	2.12
                        Insertion rate per base |	0.04%
                       Insertion average length |	2.10
                             MULTI-MAPPING READS:
        Number of reads mapped to multiple loci |	1216617
             % of reads mapped to multiple loci |	2.15%
        Number of reads mapped to too many loci |	104781
             % of reads mapped to too many loci |	0.18%
                                  UNMAPPED READS:
       % of reads unmapped: too many mismatches |	0.00%
                 % of reads unmapped: too short |	3.34%
                     % of reads unmapped: other |	0.12%
                                  CHIMERIC READS:
                       Number of chimeric reads |	0
                            % of chimeric reads |	0.00%
