                                 Started job on |	Nov 08 10:35:03
                             Started mapping on |	Nov 08 10:35:09
                                    Finished on |	Nov 08 10:41:48
       Mapping speed, Million of reads per hour |	351.31

                          Number of input reads |	38936821
                      Average input read length |	195
                                    UNIQUE READS:
                   Uniquely mapped reads number |	36637090
                        Uniquely mapped reads % |	94.09%
                          Average mapped length |	193.37
                       Number of splices: Total |	17496704
            Number of splices: Annotated (sjdb) |	16738236
                       Number of splices: GT/AG |	17248648
                       Number of splices: GC/AG |	146596
                       Number of splices: AT/AC |	15214
               Number of splices: Non-canonical |	86246
                      Mismatch rate per base, % |	0.94%
                         Deletion rate per base |	0.06%
                        Deletion average length |	2.16
                        Insertion rate per base |	0.04%
                       Insertion average length |	2.11
                             MULTI-MAPPING READS:
        Number of reads mapped to multiple loci |	888865
             % of reads mapped to multiple loci |	2.28%
        Number of reads mapped to too many loci |	72363
             % of reads mapped to too many loci |	0.19%
                                  UNMAPPED READS:
       % of reads unmapped: too many mismatches |	0.00%
                 % of reads unmapped: too short |	3.34%
                     % of reads unmapped: other |	0.09%
                                  CHIMERIC READS:
                       Number of chimeric reads |	0
                            % of chimeric reads |	0.00%
