                                 Started job on |	Nov 08 10:35:05
                             Started mapping on |	Nov 08 10:35:16
                                    Finished on |	Nov 08 10:41:41
       Mapping speed, Million of reads per hour |	372.84

                          Number of input reads |	39873497
                      Average input read length |	195
                                    UNIQUE READS:
                   Uniquely mapped reads number |	37292103
                        Uniquely mapped reads % |	93.53%
                          Average mapped length |	193.44
                       Number of splices: Total |	17842485
            Number of splices: Annotated (sjdb) |	17059284
                       Number of splices: GT/AG |	17585382
                       Number of splices: GC/AG |	149266
                       Number of splices: AT/AC |	15059
               Number of splices: Non-canonical |	92778
                      Mismatch rate per base, % |	0.93%
                         Deletion rate per base |	0.06%
                        Deletion average length |	2.17
                        Insertion rate per base |	0.04%
                       Insertion average length |	2.14
                             MULTI-MAPPING READS:
        Number of reads mapped to multiple loci |	996795
             % of reads mapped to multiple loci |	2.50%
        Number of reads mapped to too many loci |	90992
             % of reads mapped to too many loci |	0.23%
                                  UNMAPPED READS:
       % of reads unmapped: too many mismatches |	0.00%
                 % of reads unmapped: too short |	3.62%
                     % of reads unmapped: other |	0.12%
                                  CHIMERIC READS:
                       Number of chimeric reads |	0
                            % of chimeric reads |	0.00%
