                                 Started job on |	Nov 08 10:32:06
                             Started mapping on |	Nov 08 10:32:26
                                    Finished on |	Nov 08 10:38:10
       Mapping speed, Million of reads per hour |	363.18

                          Number of input reads |	34703831
                      Average input read length |	195
                                    UNIQUE READS:
                   Uniquely mapped reads number |	32665120
                        Uniquely mapped reads % |	94.13%
                          Average mapped length |	193.51
                       Number of splices: Total |	16146933
            Number of splices: Annotated (sjdb) |	15431547
                       Number of splices: GT/AG |	15922949
                       Number of splices: GC/AG |	133101
                       Number of splices: AT/AC |	13791
               Number of splices: Non-canonical |	77092
                      Mismatch rate per base, % |	0.92%
                         Deletion rate per base |	0.06%
                        Deletion average length |	2.16
                        Insertion rate per base |	0.04%
                       Insertion average length |	2.12
                             MULTI-MAPPING READS:
        Number of reads mapped to multiple loci |	774969
             % of reads mapped to multiple loci |	2.23%
        Number of reads mapped to too many loci |	73861
             % of reads mapped to too many loci |	0.21%
                                  UNMAPPED READS:
       % of reads unmapped: too many mismatches |	0.00%
                 % of reads unmapped: too short |	3.31%
                     % of reads unmapped: other |	0.12%
                                  CHIMERIC READS:
                       Number of chimeric reads |	0
                            % of chimeric reads |	0.00%
