                                 Started job on |	Nov 08 11:05:41
                             Started mapping on |	Nov 08 11:05:56
                                    Finished on |	Nov 08 11:14:29
       Mapping speed, Million of reads per hour |	381.51

                          Number of input reads |	54364706
                      Average input read length |	195
                                    UNIQUE READS:
                   Uniquely mapped reads number |	51001284
                        Uniquely mapped reads % |	93.81%
                          Average mapped length |	193.41
                       Number of splices: Total |	25013125
            Number of splices: Annotated (sjdb) |	23946713
                       Number of splices: GT/AG |	24661844
                       Number of splices: GC/AG |	204933
                       Number of splices: AT/AC |	21815
               Number of splices: Non-canonical |	124533
                      Mismatch rate per base, % |	0.94%
                         Deletion rate per base |	0.06%
                        Deletion average length |	2.16
                        Insertion rate per base |	0.04%
                       Insertion average length |	2.12
                             MULTI-MAPPING READS:
        Number of reads mapped to multiple loci |	1213925
             % of reads mapped to multiple loci |	2.23%
        Number of reads mapped to too many loci |	124163
             % of reads mapped to too many loci |	0.23%
                                  UNMAPPED READS:
       % of reads unmapped: too many mismatches |	0.00%
                 % of reads unmapped: too short |	3.58%
                     % of reads unmapped: other |	0.14%
                                  CHIMERIC READS:
                       Number of chimeric reads |	0
                            % of chimeric reads |	0.00%
