                                 Started job on |	Nov 08 10:59:32
                             Started mapping on |	Nov 08 10:59:58
                                    Finished on |	Nov 08 11:06:14
       Mapping speed, Million of reads per hour |	396.52

                          Number of input reads |	41414567
                      Average input read length |	195
                                    UNIQUE READS:
                   Uniquely mapped reads number |	38992736
                        Uniquely mapped reads % |	94.15%
                          Average mapped length |	193.51
                       Number of splices: Total |	19480600
            Number of splices: Annotated (sjdb) |	18673020
                       Number of splices: GT/AG |	19209621
                       Number of splices: GC/AG |	163829
                       Number of splices: AT/AC |	16478
               Number of splices: Non-canonical |	90672
                      Mismatch rate per base, % |	0.91%
                         Deletion rate per base |	0.06%
                        Deletion average length |	2.12
                        Insertion rate per base |	0.04%
                       Insertion average length |	2.12
                             MULTI-MAPPING READS:
        Number of reads mapped to multiple loci |	922146
             % of reads mapped to multiple loci |	2.23%
        Number of reads mapped to too many loci |	72071
             % of reads mapped to too many loci |	0.17%
                                  UNMAPPED READS:
       % of reads unmapped: too many mismatches |	0.00%
                 % of reads unmapped: too short |	3.33%
                     % of reads unmapped: other |	0.12%
                                  CHIMERIC READS:
                       Number of chimeric reads |	0
                            % of chimeric reads |	0.00%
