                                 Started job on |	Nov 08 10:35:02
                             Started mapping on |	Nov 08 10:35:17
                                    Finished on |	Nov 08 10:42:42
       Mapping speed, Million of reads per hour |	297.05

                          Number of input reads |	36718280
                      Average input read length |	195
                                    UNIQUE READS:
                   Uniquely mapped reads number |	34059203
                        Uniquely mapped reads % |	92.76%
                          Average mapped length |	193.12
                       Number of splices: Total |	15158042
            Number of splices: Annotated (sjdb) |	14476432
                       Number of splices: GT/AG |	14927818
                       Number of splices: GC/AG |	126276
                       Number of splices: AT/AC |	13116
               Number of splices: Non-canonical |	90832
                      Mismatch rate per base, % |	0.98%
                         Deletion rate per base |	0.07%
                        Deletion average length |	2.18
                        Insertion rate per base |	0.05%
                       Insertion average length |	2.15
                             MULTI-MAPPING READS:
        Number of reads mapped to multiple loci |	944967
             % of reads mapped to multiple loci |	2.57%
        Number of reads mapped to too many loci |	105386
             % of reads mapped to too many loci |	0.29%
                                  UNMAPPED READS:
       % of reads unmapped: too many mismatches |	0.00%
                 % of reads unmapped: too short |	4.11%
                     % of reads unmapped: other |	0.27%
                                  CHIMERIC READS:
                       Number of chimeric reads |	0
                            % of chimeric reads |	0.00%
