                                 Started job on |	Nov 08 10:35:05
                             Started mapping on |	Nov 08 10:35:16
                                    Finished on |	Nov 08 10:42:01
       Mapping speed, Million of reads per hour |	363.29

                          Number of input reads |	40870128
                      Average input read length |	195
                                    UNIQUE READS:
                   Uniquely mapped reads number |	38443905
                        Uniquely mapped reads % |	94.06%
                          Average mapped length |	193.42
                       Number of splices: Total |	18402274
            Number of splices: Annotated (sjdb) |	17603491
                       Number of splices: GT/AG |	18136501
                       Number of splices: GC/AG |	156214
                       Number of splices: AT/AC |	15958
               Number of splices: Non-canonical |	93601
                      Mismatch rate per base, % |	0.93%
                         Deletion rate per base |	0.06%
                        Deletion average length |	2.17
                        Insertion rate per base |	0.04%
                       Insertion average length |	2.13
                             MULTI-MAPPING READS:
        Number of reads mapped to multiple loci |	940521
             % of reads mapped to multiple loci |	2.30%
        Number of reads mapped to too many loci |	80193
             % of reads mapped to too many loci |	0.20%
                                  UNMAPPED READS:
       % of reads unmapped: too many mismatches |	0.00%
                 % of reads unmapped: too short |	3.33%
                     % of reads unmapped: other |	0.10%
                                  CHIMERIC READS:
                       Number of chimeric reads |	0
                            % of chimeric reads |	0.00%
