                                 Started job on |	Nov 08 10:53:25
                             Started mapping on |	Nov 08 10:53:50
                                    Finished on |	Nov 08 11:03:09
       Mapping speed, Million of reads per hour |	337.22

                          Number of input reads |	52362170
                      Average input read length |	195
                                    UNIQUE READS:
                   Uniquely mapped reads number |	48923871
                        Uniquely mapped reads % |	93.43%
                          Average mapped length |	193.55
                       Number of splices: Total |	24527018
            Number of splices: Annotated (sjdb) |	23485718
                       Number of splices: GT/AG |	24185895
                       Number of splices: GC/AG |	200317
                       Number of splices: AT/AC |	20807
               Number of splices: Non-canonical |	119999
                      Mismatch rate per base, % |	0.94%
                         Deletion rate per base |	0.06%
                        Deletion average length |	2.16
                        Insertion rate per base |	0.04%
                       Insertion average length |	2.14
                             MULTI-MAPPING READS:
        Number of reads mapped to multiple loci |	1228373
             % of reads mapped to multiple loci |	2.35%
        Number of reads mapped to too many loci |	142564
             % of reads mapped to too many loci |	0.27%
                                  UNMAPPED READS:
       % of reads unmapped: too many mismatches |	0.00%
                 % of reads unmapped: too short |	3.73%
                     % of reads unmapped: other |	0.22%
                                  CHIMERIC READS:
                       Number of chimeric reads |	0
                            % of chimeric reads |	0.00%
