                                 Started job on |	Nov 07 13:19:04
                             Started mapping on |	Nov 07 13:19:17
                                    Finished on |	Nov 07 13:26:42
       Mapping speed, Million of reads per hour |	346.37

                          Number of input reads |	42815104
                      Average input read length |	195
                                    UNIQUE READS:
                   Uniquely mapped reads number |	40293031
                        Uniquely mapped reads % |	94.11%
                          Average mapped length |	193.41
                       Number of splices: Total |	19446083
            Number of splices: Annotated (sjdb) |	18602044
                       Number of splices: GT/AG |	19168287
                       Number of splices: GC/AG |	164153
                       Number of splices: AT/AC |	16326
               Number of splices: Non-canonical |	97317
                      Mismatch rate per base, % |	0.94%
                         Deletion rate per base |	0.06%
                        Deletion average length |	2.17
                        Insertion rate per base |	0.04%
                       Insertion average length |	2.13
                             MULTI-MAPPING READS:
        Number of reads mapped to multiple loci |	977392
             % of reads mapped to multiple loci |	2.28%
        Number of reads mapped to too many loci |	83675
             % of reads mapped to too many loci |	0.20%
                                  UNMAPPED READS:
       % of reads unmapped: too many mismatches |	0.00%
                 % of reads unmapped: too short |	3.31%
                     % of reads unmapped: other |	0.10%
                                  CHIMERIC READS:
                       Number of chimeric reads |	0
                            % of chimeric reads |	0.00%
