                                 Started job on |	Nov 07 13:12:56
                             Started mapping on |	Nov 07 13:13:15
                                    Finished on |	Nov 07 13:21:32
       Mapping speed, Million of reads per hour |	332.00

                          Number of input reads |	45834856
                      Average input read length |	195
                                    UNIQUE READS:
                   Uniquely mapped reads number |	42885132
                        Uniquely mapped reads % |	93.56%
                          Average mapped length |	193.75
                       Number of splices: Total |	26137723
            Number of splices: Annotated (sjdb) |	25156339
                       Number of splices: GT/AG |	25807005
                       Number of splices: GC/AG |	221234
                       Number of splices: AT/AC |	20095
               Number of splices: Non-canonical |	89389
                      Mismatch rate per base, % |	0.87%
                         Deletion rate per base |	0.04%
                        Deletion average length |	2.08
                        Insertion rate per base |	0.03%
                       Insertion average length |	2.07
                             MULTI-MAPPING READS:
        Number of reads mapped to multiple loci |	1485107
             % of reads mapped to multiple loci |	3.24%
        Number of reads mapped to too many loci |	71625
             % of reads mapped to too many loci |	0.16%
                                  UNMAPPED READS:
       % of reads unmapped: too many mismatches |	0.00%
                 % of reads unmapped: too short |	2.96%
                     % of reads unmapped: other |	0.08%
                                  CHIMERIC READS:
                       Number of chimeric reads |	0
                            % of chimeric reads |	0.00%
