                                 Started job on |	Nov 07 13:40:41
                             Started mapping on |	Nov 07 13:41:09
                                    Finished on |	Nov 07 13:48:10
       Mapping speed, Million of reads per hour |	337.35

                          Number of input reads |	39451083
                      Average input read length |	195
                                    UNIQUE READS:
                   Uniquely mapped reads number |	37142806
                        Uniquely mapped reads % |	94.15%
                          Average mapped length |	193.36
                       Number of splices: Total |	18020690
            Number of splices: Annotated (sjdb) |	17243094
                       Number of splices: GT/AG |	17767401
                       Number of splices: GC/AG |	151078
                       Number of splices: AT/AC |	15913
               Number of splices: Non-canonical |	86298
                      Mismatch rate per base, % |	0.95%
                         Deletion rate per base |	0.06%
                        Deletion average length |	2.16
                        Insertion rate per base |	0.04%
                       Insertion average length |	2.11
                             MULTI-MAPPING READS:
        Number of reads mapped to multiple loci |	893539
             % of reads mapped to multiple loci |	2.26%
        Number of reads mapped to too many loci |	72750
             % of reads mapped to too many loci |	0.18%
                                  UNMAPPED READS:
       % of reads unmapped: too many mismatches |	0.00%
                 % of reads unmapped: too short |	3.31%
                     % of reads unmapped: other |	0.09%
                                  CHIMERIC READS:
                       Number of chimeric reads |	0
                            % of chimeric reads |	0.00%
