                                 Started job on |	Nov 07 13:22:10
                             Started mapping on |	Nov 07 13:22:26
                                    Finished on |	Nov 07 13:32:20
       Mapping speed, Million of reads per hour |	323.56

                          Number of input reads |	53386781
                      Average input read length |	195
                                    UNIQUE READS:
                   Uniquely mapped reads number |	50125177
                        Uniquely mapped reads % |	93.89%
                          Average mapped length |	193.42
                       Number of splices: Total |	25182036
            Number of splices: Annotated (sjdb) |	24114952
                       Number of splices: GT/AG |	24831342
                       Number of splices: GC/AG |	207951
                       Number of splices: AT/AC |	22099
               Number of splices: Non-canonical |	120644
                      Mismatch rate per base, % |	0.95%
                         Deletion rate per base |	0.06%
                        Deletion average length |	2.15
                        Insertion rate per base |	0.04%
                       Insertion average length |	2.12
                             MULTI-MAPPING READS:
        Number of reads mapped to multiple loci |	1179091
             % of reads mapped to multiple loci |	2.21%
        Number of reads mapped to too many loci |	119747
             % of reads mapped to too many loci |	0.22%
                                  UNMAPPED READS:
       % of reads unmapped: too many mismatches |	0.00%
                 % of reads unmapped: too short |	3.54%
                     % of reads unmapped: other |	0.14%
                                  CHIMERIC READS:
                       Number of chimeric reads |	0
                            % of chimeric reads |	0.00%
