                                 Started job on |	Nov 07 13:37:36
                             Started mapping on |	Nov 07 13:37:42
                                    Finished on |	Nov 07 13:46:17
       Mapping speed, Million of reads per hour |	331.70

                          Number of input reads |	47451193
                      Average input read length |	195
                                    UNIQUE READS:
                   Uniquely mapped reads number |	44663233
                        Uniquely mapped reads % |	94.12%
                          Average mapped length |	193.46
                       Number of splices: Total |	23001058
            Number of splices: Annotated (sjdb) |	22021636
                       Number of splices: GT/AG |	22688184
                       Number of splices: GC/AG |	189618
                       Number of splices: AT/AC |	18827
               Number of splices: Non-canonical |	104429
                      Mismatch rate per base, % |	0.94%
                         Deletion rate per base |	0.06%
                        Deletion average length |	2.15
                        Insertion rate per base |	0.04%
                       Insertion average length |	2.09
                             MULTI-MAPPING READS:
        Number of reads mapped to multiple loci |	1006305
             % of reads mapped to multiple loci |	2.12%
        Number of reads mapped to too many loci |	89519
             % of reads mapped to too many loci |	0.19%
                                  UNMAPPED READS:
       % of reads unmapped: too many mismatches |	0.00%
                 % of reads unmapped: too short |	3.44%
                     % of reads unmapped: other |	0.12%
                                  CHIMERIC READS:
                       Number of chimeric reads |	0
                            % of chimeric reads |	0.00%
