                                 Started job on |	Nov 07 13:22:10
                             Started mapping on |	Nov 07 13:22:19
                                    Finished on |	Nov 07 13:29:39
       Mapping speed, Million of reads per hour |	363.74

                          Number of input reads |	44457095
                      Average input read length |	195
                                    UNIQUE READS:
                   Uniquely mapped reads number |	41891002
                        Uniquely mapped reads % |	94.23%
                          Average mapped length |	193.70
                       Number of splices: Total |	25199393
            Number of splices: Annotated (sjdb) |	24225183
                       Number of splices: GT/AG |	24880626
                       Number of splices: GC/AG |	209215
                       Number of splices: AT/AC |	20200
               Number of splices: Non-canonical |	89352
                      Mismatch rate per base, % |	0.88%
                         Deletion rate per base |	0.05%
                        Deletion average length |	2.11
                        Insertion rate per base |	0.03%
                       Insertion average length |	2.11
                             MULTI-MAPPING READS:
        Number of reads mapped to multiple loci |	1168901
             % of reads mapped to multiple loci |	2.63%
        Number of reads mapped to too many loci |	62371
             % of reads mapped to too many loci |	0.14%
                                  UNMAPPED READS:
       % of reads unmapped: too many mismatches |	0.00%
                 % of reads unmapped: too short |	2.94%
                     % of reads unmapped: other |	0.06%
                                  CHIMERIC READS:
                       Number of chimeric reads |	0
                            % of chimeric reads |	0.00%
