                                 Started job on |	Nov 07 13:31:25
                             Started mapping on |	Nov 07 13:31:50
                                    Finished on |	Nov 07 13:39:49
       Mapping speed, Million of reads per hour |	328.77

                          Number of input reads |	43745322
                      Average input read length |	195
                                    UNIQUE READS:
                   Uniquely mapped reads number |	41140288
                        Uniquely mapped reads % |	94.04%
                          Average mapped length |	193.62
                       Number of splices: Total |	21832621
            Number of splices: Annotated (sjdb) |	20951249
                       Number of splices: GT/AG |	21536787
                       Number of splices: GC/AG |	183098
                       Number of splices: AT/AC |	18090
               Number of splices: Non-canonical |	94646
                      Mismatch rate per base, % |	0.97%
                         Deletion rate per base |	0.06%
                        Deletion average length |	2.16
                        Insertion rate per base |	0.04%
                       Insertion average length |	2.09
                             MULTI-MAPPING READS:
        Number of reads mapped to multiple loci |	970893
             % of reads mapped to multiple loci |	2.22%
        Number of reads mapped to too many loci |	80869
             % of reads mapped to too many loci |	0.18%
                                  UNMAPPED READS:
       % of reads unmapped: too many mismatches |	0.00%
                 % of reads unmapped: too short |	3.43%
                     % of reads unmapped: other |	0.12%
                                  CHIMERIC READS:
                       Number of chimeric reads |	0
                            % of chimeric reads |	0.00%
