                                 Started job on |	Nov 07 13:46:52
                             Started mapping on |	Nov 07 13:47:01
                                    Finished on |	Nov 07 13:54:06
       Mapping speed, Million of reads per hour |	377.74

                          Number of input reads |	44594780
                      Average input read length |	195
                                    UNIQUE READS:
                   Uniquely mapped reads number |	41773724
                        Uniquely mapped reads % |	93.67%
                          Average mapped length |	193.42
                       Number of splices: Total |	20232254
            Number of splices: Annotated (sjdb) |	19356125
                       Number of splices: GT/AG |	19940491
                       Number of splices: GC/AG |	170692
                       Number of splices: AT/AC |	17677
               Number of splices: Non-canonical |	103394
                      Mismatch rate per base, % |	0.95%
                         Deletion rate per base |	0.06%
                        Deletion average length |	2.17
                        Insertion rate per base |	0.04%
                       Insertion average length |	2.14
                             MULTI-MAPPING READS:
        Number of reads mapped to multiple loci |	1018556
             % of reads mapped to multiple loci |	2.28%
        Number of reads mapped to too many loci |	99235
             % of reads mapped to too many loci |	0.22%
                                  UNMAPPED READS:
       % of reads unmapped: too many mismatches |	0.00%
                 % of reads unmapped: too short |	3.68%
                     % of reads unmapped: other |	0.14%
                                  CHIMERIC READS:
                       Number of chimeric reads |	0
                            % of chimeric reads |	0.00%
