                                 Started job on |	Nov 07 13:16:13
                             Started mapping on |	Nov 07 13:16:31
                                    Finished on |	Nov 07 13:24:49
       Mapping speed, Million of reads per hour |	302.42

                          Number of input reads |	41834414
                      Average input read length |	195
                                    UNIQUE READS:
                   Uniquely mapped reads number |	39165960
                        Uniquely mapped reads % |	93.62%
                          Average mapped length |	193.34
                       Number of splices: Total |	18555645
            Number of splices: Annotated (sjdb) |	17736549
                       Number of splices: GT/AG |	18292051
                       Number of splices: GC/AG |	154195
                       Number of splices: AT/AC |	15402
               Number of splices: Non-canonical |	93997
                      Mismatch rate per base, % |	0.98%
                         Deletion rate per base |	0.06%
                        Deletion average length |	2.18
                        Insertion rate per base |	0.04%
                       Insertion average length |	2.13
                             MULTI-MAPPING READS:
        Number of reads mapped to multiple loci |	968511
             % of reads mapped to multiple loci |	2.32%
        Number of reads mapped to too many loci |	92379
             % of reads mapped to too many loci |	0.22%
                                  UNMAPPED READS:
       % of reads unmapped: too many mismatches |	0.00%
                 % of reads unmapped: too short |	3.71%
                     % of reads unmapped: other |	0.13%
                                  CHIMERIC READS:
                       Number of chimeric reads |	0
                            % of chimeric reads |	0.00%
