                                 Started job on |	Nov 07 13:43:47
                             Started mapping on |	Nov 07 13:44:06
                                    Finished on |	Nov 07 13:55:47
       Mapping speed, Million of reads per hour |	302.04

                          Number of input reads |	58814389
                      Average input read length |	195
                                    UNIQUE READS:
                   Uniquely mapped reads number |	55545951
                        Uniquely mapped reads % |	94.44%
                          Average mapped length |	193.66
                       Number of splices: Total |	32580248
            Number of splices: Annotated (sjdb) |	31254056
                       Number of splices: GT/AG |	32166619
                       Number of splices: GC/AG |	270119
                       Number of splices: AT/AC |	24920
               Number of splices: Non-canonical |	118590
                      Mismatch rate per base, % |	0.94%
                         Deletion rate per base |	0.05%
                        Deletion average length |	2.11
                        Insertion rate per base |	0.03%
                       Insertion average length |	2.10
                             MULTI-MAPPING READS:
        Number of reads mapped to multiple loci |	1371231
             % of reads mapped to multiple loci |	2.33%
        Number of reads mapped to too many loci |	93249
             % of reads mapped to too many loci |	0.16%
                                  UNMAPPED READS:
       % of reads unmapped: too many mismatches |	0.00%
                 % of reads unmapped: too short |	3.00%
                     % of reads unmapped: other |	0.07%
                                  CHIMERIC READS:
                       Number of chimeric reads |	0
                            % of chimeric reads |	0.00%
