                                 Started job on |	Nov 07 13:25:15
                             Started mapping on |	Nov 07 13:25:26
                                    Finished on |	Nov 07 13:34:32
       Mapping speed, Million of reads per hour |	345.67

                          Number of input reads |	52426395
                      Average input read length |	195
                                    UNIQUE READS:
                   Uniquely mapped reads number |	49272550
                        Uniquely mapped reads % |	93.98%
                          Average mapped length |	193.68
                       Number of splices: Total |	28386841
            Number of splices: Annotated (sjdb) |	27205159
                       Number of splices: GT/AG |	28037469
                       Number of splices: GC/AG |	227222
                       Number of splices: AT/AC |	21338
               Number of splices: Non-canonical |	100812
                      Mismatch rate per base, % |	0.91%
                         Deletion rate per base |	0.05%
                        Deletion average length |	2.09
                        Insertion rate per base |	0.03%
                       Insertion average length |	2.07
                             MULTI-MAPPING READS:
        Number of reads mapped to multiple loci |	1439650
             % of reads mapped to multiple loci |	2.75%
        Number of reads mapped to too many loci |	85836
             % of reads mapped to too many loci |	0.16%
                                  UNMAPPED READS:
       % of reads unmapped: too many mismatches |	0.00%
                 % of reads unmapped: too short |	3.02%
                     % of reads unmapped: other |	0.08%
                                  CHIMERIC READS:
                       Number of chimeric reads |	0
                            % of chimeric reads |	0.00%
