                                 Started job on |	Nov 07 13:19:06
                             Started mapping on |	Nov 07 13:19:21
                                    Finished on |	Nov 07 13:24:08
       Mapping speed, Million of reads per hour |	354.61

                          Number of input reads |	28270214
                      Average input read length |	195
                                    UNIQUE READS:
                   Uniquely mapped reads number |	26681523
                        Uniquely mapped reads % |	94.38%
                          Average mapped length |	193.41
                       Number of splices: Total |	13180240
            Number of splices: Annotated (sjdb) |	12632222
                       Number of splices: GT/AG |	12997300
                       Number of splices: GC/AG |	110099
                       Number of splices: AT/AC |	11201
               Number of splices: Non-canonical |	61640
                      Mismatch rate per base, % |	0.95%
                         Deletion rate per base |	0.06%
                        Deletion average length |	2.16
                        Insertion rate per base |	0.04%
                       Insertion average length |	2.12
                             MULTI-MAPPING READS:
        Number of reads mapped to multiple loci |	588844
             % of reads mapped to multiple loci |	2.08%
        Number of reads mapped to too many loci |	47455
             % of reads mapped to too many loci |	0.17%
                                  UNMAPPED READS:
       % of reads unmapped: too many mismatches |	0.00%
                 % of reads unmapped: too short |	3.29%
                     % of reads unmapped: other |	0.08%
                                  CHIMERIC READS:
                       Number of chimeric reads |	0
                            % of chimeric reads |	0.00%
