                                 Started job on |	Nov 07 13:34:30
                             Started mapping on |	Nov 07 13:34:41
                                    Finished on |	Nov 07 13:42:12
       Mapping speed, Million of reads per hour |	305.19

                          Number of input reads |	38234146
                      Average input read length |	195
                                    UNIQUE READS:
                   Uniquely mapped reads number |	35774635
                        Uniquely mapped reads % |	93.57%
                          Average mapped length |	193.44
                       Number of splices: Total |	17441714
            Number of splices: Annotated (sjdb) |	16682851
                       Number of splices: GT/AG |	17193573
                       Number of splices: GC/AG |	145886
                       Number of splices: AT/AC |	14403
               Number of splices: Non-canonical |	87852
                      Mismatch rate per base, % |	0.95%
                         Deletion rate per base |	0.06%
                        Deletion average length |	2.17
                        Insertion rate per base |	0.04%
                       Insertion average length |	2.14
                             MULTI-MAPPING READS:
        Number of reads mapped to multiple loci |	948898
             % of reads mapped to multiple loci |	2.48%
        Number of reads mapped to too many loci |	85582
             % of reads mapped to too many loci |	0.22%
                                  UNMAPPED READS:
       % of reads unmapped: too many mismatches |	0.00%
                 % of reads unmapped: too short |	3.61%
                     % of reads unmapped: other |	0.12%
                                  CHIMERIC READS:
                       Number of chimeric reads |	0
                            % of chimeric reads |	0.00%
