                                 Started job on |	Nov 07 13:19:08
                             Started mapping on |	Nov 07 13:19:24
                                    Finished on |	Nov 07 13:30:44
       Mapping speed, Million of reads per hour |	316.83

                          Number of input reads |	59846252
                      Average input read length |	195
                                    UNIQUE READS:
                   Uniquely mapped reads number |	56402727
                        Uniquely mapped reads % |	94.25%
                          Average mapped length |	193.53
                       Number of splices: Total |	30088354
            Number of splices: Annotated (sjdb) |	28829305
                       Number of splices: GT/AG |	29684613
                       Number of splices: GC/AG |	249700
                       Number of splices: AT/AC |	24381
               Number of splices: Non-canonical |	129660
                      Mismatch rate per base, % |	0.94%
                         Deletion rate per base |	0.05%
                        Deletion average length |	2.12
                        Insertion rate per base |	0.04%
                       Insertion average length |	2.09
                             MULTI-MAPPING READS:
        Number of reads mapped to multiple loci |	1278580
             % of reads mapped to multiple loci |	2.14%
        Number of reads mapped to too many loci |	109720
             % of reads mapped to too many loci |	0.18%
                                  UNMAPPED READS:
       % of reads unmapped: too many mismatches |	0.00%
                 % of reads unmapped: too short |	3.31%
                     % of reads unmapped: other |	0.12%
                                  CHIMERIC READS:
                       Number of chimeric reads |	0
                            % of chimeric reads |	0.00%
