                                 Started job on |	Nov 07 13:34:31
                             Started mapping on |	Nov 07 13:34:39
                                    Finished on |	Nov 07 13:40:39
       Mapping speed, Million of reads per hour |	359.93

                          Number of input reads |	35993078
                      Average input read length |	195
                                    UNIQUE READS:
                   Uniquely mapped reads number |	33706614
                        Uniquely mapped reads % |	93.65%
                          Average mapped length |	193.44
                       Number of splices: Total |	17602242
            Number of splices: Annotated (sjdb) |	16846078
                       Number of splices: GT/AG |	17364249
                       Number of splices: GC/AG |	143749
                       Number of splices: AT/AC |	14778
               Number of splices: Non-canonical |	79466
                      Mismatch rate per base, % |	0.96%
                         Deletion rate per base |	0.06%
                        Deletion average length |	2.14
                        Insertion rate per base |	0.04%
                       Insertion average length |	2.08
                             MULTI-MAPPING READS:
        Number of reads mapped to multiple loci |	859514
             % of reads mapped to multiple loci |	2.39%
        Number of reads mapped to too many loci |	82404
             % of reads mapped to too many loci |	0.23%
                                  UNMAPPED READS:
       % of reads unmapped: too many mismatches |	0.00%
                 % of reads unmapped: too short |	3.55%
                     % of reads unmapped: other |	0.18%
                                  CHIMERIC READS:
                       Number of chimeric reads |	0
                            % of chimeric reads |	0.00%
