                                 Started job on |	Nov 07 13:31:25
                             Started mapping on |	Nov 07 13:31:33
                                    Finished on |	Nov 07 13:37:50
       Mapping speed, Million of reads per hour |	334.28

                          Number of input reads |	35006253
                      Average input read length |	195
                                    UNIQUE READS:
                   Uniquely mapped reads number |	32601031
                        Uniquely mapped reads % |	93.13%
                          Average mapped length |	193.13
                       Number of splices: Total |	14964139
            Number of splices: Annotated (sjdb) |	14307626
                       Number of splices: GT/AG |	14745263
                       Number of splices: GC/AG |	122738
                       Number of splices: AT/AC |	12338
               Number of splices: Non-canonical |	83800
                      Mismatch rate per base, % |	0.97%
                         Deletion rate per base |	0.06%
                        Deletion average length |	2.17
                        Insertion rate per base |	0.05%
                       Insertion average length |	2.12
                             MULTI-MAPPING READS:
        Number of reads mapped to multiple loci |	876464
             % of reads mapped to multiple loci |	2.50%
        Number of reads mapped to too many loci |	77587
             % of reads mapped to too many loci |	0.22%
                                  UNMAPPED READS:
       % of reads unmapped: too many mismatches |	0.00%
                 % of reads unmapped: too short |	4.02%
                     % of reads unmapped: other |	0.13%
                                  CHIMERIC READS:
                       Number of chimeric reads |	0
                            % of chimeric reads |	0.00%
