                                 Started job on |	Nov 07 13:28:20
                             Started mapping on |	Nov 07 13:28:26
                                    Finished on |	Nov 07 13:35:44
       Mapping speed, Million of reads per hour |	352.73

                          Number of input reads |	42915291
                      Average input read length |	195
                                    UNIQUE READS:
                   Uniquely mapped reads number |	40443688
                        Uniquely mapped reads % |	94.24%
                          Average mapped length |	193.53
                       Number of splices: Total |	20544783
            Number of splices: Annotated (sjdb) |	19694166
                       Number of splices: GT/AG |	20261994
                       Number of splices: GC/AG |	173569
                       Number of splices: AT/AC |	16968
               Number of splices: Non-canonical |	92252
                      Mismatch rate per base, % |	0.92%
                         Deletion rate per base |	0.06%
                        Deletion average length |	2.11
                        Insertion rate per base |	0.04%
                       Insertion average length |	2.12
                             MULTI-MAPPING READS:
        Number of reads mapped to multiple loci |	944661
             % of reads mapped to multiple loci |	2.20%
        Number of reads mapped to too many loci |	73044
             % of reads mapped to too many loci |	0.17%
                                  UNMAPPED READS:
       % of reads unmapped: too many mismatches |	0.00%
                 % of reads unmapped: too short |	3.28%
                     % of reads unmapped: other |	0.11%
                                  CHIMERIC READS:
                       Number of chimeric reads |	0
                            % of chimeric reads |	0.00%
