                                 Started job on |	Nov 07 13:43:52
                             Started mapping on |	Nov 07 13:44:06
                                    Finished on |	Nov 07 13:50:48
       Mapping speed, Million of reads per hour |	344.34

                          Number of input reads |	38451741
                      Average input read length |	195
                                    UNIQUE READS:
                   Uniquely mapped reads number |	35985538
                        Uniquely mapped reads % |	93.59%
                          Average mapped length |	193.33
                       Number of splices: Total |	17681789
            Number of splices: Annotated (sjdb) |	16922418
                       Number of splices: GT/AG |	17433400
                       Number of splices: GC/AG |	148035
                       Number of splices: AT/AC |	15059
               Number of splices: Non-canonical |	85295
                      Mismatch rate per base, % |	0.95%
                         Deletion rate per base |	0.06%
                        Deletion average length |	2.16
                        Insertion rate per base |	0.04%
                       Insertion average length |	2.11
                             MULTI-MAPPING READS:
        Number of reads mapped to multiple loci |	910057
             % of reads mapped to multiple loci |	2.37%
        Number of reads mapped to too many loci |	77308
             % of reads mapped to too many loci |	0.20%
                                  UNMAPPED READS:
       % of reads unmapped: too many mismatches |	0.00%
                 % of reads unmapped: too short |	3.71%
                     % of reads unmapped: other |	0.14%
                                  CHIMERIC READS:
                       Number of chimeric reads |	0
                            % of chimeric reads |	0.00%
