                                 Started job on |	Nov 07 13:34:31
                             Started mapping on |	Nov 07 13:34:39
                                    Finished on |	Nov 07 13:41:31
       Mapping speed, Million of reads per hour |	355.91

                          Number of input reads |	40731863
                      Average input read length |	195
                                    UNIQUE READS:
                   Uniquely mapped reads number |	38208495
                        Uniquely mapped reads % |	93.80%
                          Average mapped length |	193.54
                       Number of splices: Total |	19980585
            Number of splices: Annotated (sjdb) |	19142358
                       Number of splices: GT/AG |	19707962
                       Number of splices: GC/AG |	169081
                       Number of splices: AT/AC |	16886
               Number of splices: Non-canonical |	86656
                      Mismatch rate per base, % |	0.92%
                         Deletion rate per base |	0.06%
                        Deletion average length |	2.15
                        Insertion rate per base |	0.04%
                       Insertion average length |	2.11
                             MULTI-MAPPING READS:
        Number of reads mapped to multiple loci |	929344
             % of reads mapped to multiple loci |	2.28%
        Number of reads mapped to too many loci |	75973
             % of reads mapped to too many loci |	0.19%
                                  UNMAPPED READS:
       % of reads unmapped: too many mismatches |	0.00%
                 % of reads unmapped: too short |	3.61%
                     % of reads unmapped: other |	0.12%
                                  CHIMERIC READS:
                       Number of chimeric reads |	0
                            % of chimeric reads |	0.00%
