                                 Started job on |	Nov 07 13:31:25
                             Started mapping on |	Nov 07 13:31:33
                                    Finished on |	Nov 07 13:39:08
       Mapping speed, Million of reads per hour |	335.26

                          Number of input reads |	42372859
                      Average input read length |	195
                                    UNIQUE READS:
                   Uniquely mapped reads number |	39666584
                        Uniquely mapped reads % |	93.61%
                          Average mapped length |	193.44
                       Number of splices: Total |	19826497
            Number of splices: Annotated (sjdb) |	18942953
                       Number of splices: GT/AG |	19551168
                       Number of splices: GC/AG |	164684
                       Number of splices: AT/AC |	16717
               Number of splices: Non-canonical |	93928
                      Mismatch rate per base, % |	0.93%
                         Deletion rate per base |	0.06%
                        Deletion average length |	2.17
                        Insertion rate per base |	0.04%
                       Insertion average length |	2.12
                             MULTI-MAPPING READS:
        Number of reads mapped to multiple loci |	987428
             % of reads mapped to multiple loci |	2.33%
        Number of reads mapped to too many loci |	118939
             % of reads mapped to too many loci |	0.28%
                                  UNMAPPED READS:
       % of reads unmapped: too many mismatches |	0.00%
                 % of reads unmapped: too short |	3.55%
                     % of reads unmapped: other |	0.22%
                                  CHIMERIC READS:
                       Number of chimeric reads |	0
                            % of chimeric reads |	0.00%
