                                 Started job on |	Nov 07 13:43:47
                             Started mapping on |	Nov 07 13:43:54
                                    Finished on |	Nov 07 13:44:08
       Mapping speed, Million of reads per hour |	65.73

                          Number of input reads |	255630
                      Average input read length |	195
                                    UNIQUE READS:
                   Uniquely mapped reads number |	238528
                        Uniquely mapped reads % |	93.31%
                          Average mapped length |	193.49
                       Number of splices: Total |	132117
            Number of splices: Annotated (sjdb) |	126800
                       Number of splices: GT/AG |	130458
                       Number of splices: GC/AG |	1024
                       Number of splices: AT/AC |	122
               Number of splices: Non-canonical |	513
                      Mismatch rate per base, % |	0.93%
                         Deletion rate per base |	0.05%
                        Deletion average length |	2.17
                        Insertion rate per base |	0.03%
                       Insertion average length |	2.09
                             MULTI-MAPPING READS:
        Number of reads mapped to multiple loci |	5915
             % of reads mapped to multiple loci |	2.31%
        Number of reads mapped to too many loci |	412
             % of reads mapped to too many loci |	0.16%
                                  UNMAPPED READS:
       % of reads unmapped: too many mismatches |	0.00%
                 % of reads unmapped: too short |	4.11%
                     % of reads unmapped: other |	0.10%
                                  CHIMERIC READS:
                       Number of chimeric reads |	0
                            % of chimeric reads |	0.00%
