                                 Started job on |	Nov 07 13:34:30
                             Started mapping on |	Nov 07 13:34:45
                                    Finished on |	Nov 07 13:44:43
       Mapping speed, Million of reads per hour |	319.25

                          Number of input reads |	53031444
                      Average input read length |	195
                                    UNIQUE READS:
                   Uniquely mapped reads number |	49582989
                        Uniquely mapped reads % |	93.50%
                          Average mapped length |	193.55
                       Number of splices: Total |	25196553
            Number of splices: Annotated (sjdb) |	24129634
                       Number of splices: GT/AG |	24850346
                       Number of splices: GC/AG |	206578
                       Number of splices: AT/AC |	20647
               Number of splices: Non-canonical |	118982
                      Mismatch rate per base, % |	0.94%
                         Deletion rate per base |	0.06%
                        Deletion average length |	2.16
                        Insertion rate per base |	0.04%
                       Insertion average length |	2.14
                             MULTI-MAPPING READS:
        Number of reads mapped to multiple loci |	1233365
             % of reads mapped to multiple loci |	2.33%
        Number of reads mapped to too many loci |	141969
             % of reads mapped to too many loci |	0.27%
                                  UNMAPPED READS:
       % of reads unmapped: too many mismatches |	0.00%
                 % of reads unmapped: too short |	3.69%
                     % of reads unmapped: other |	0.22%
                                  CHIMERIC READS:
                       Number of chimeric reads |	0
                            % of chimeric reads |	0.00%
