                                 Started job on |	Nov 07 13:43:47
                             Started mapping on |	Nov 07 13:43:54
                                    Finished on |	Nov 07 13:50:36
       Mapping speed, Million of reads per hour |	342.49

                          Number of input reads |	38244447
                      Average input read length |	195
                                    UNIQUE READS:
                   Uniquely mapped reads number |	35868902
                        Uniquely mapped reads % |	93.79%
                          Average mapped length |	193.43
                       Number of splices: Total |	18158535
            Number of splices: Annotated (sjdb) |	17325747
                       Number of splices: GT/AG |	17902554
                       Number of splices: GC/AG |	154385
                       Number of splices: AT/AC |	14989
               Number of splices: Non-canonical |	86607
                      Mismatch rate per base, % |	0.94%
                         Deletion rate per base |	0.06%
                        Deletion average length |	2.18
                        Insertion rate per base |	0.04%
                       Insertion average length |	2.12
                             MULTI-MAPPING READS:
        Number of reads mapped to multiple loci |	871009
             % of reads mapped to multiple loci |	2.28%
        Number of reads mapped to too many loci |	91111
             % of reads mapped to too many loci |	0.24%
                                  UNMAPPED READS:
       % of reads unmapped: too many mismatches |	0.00%
                 % of reads unmapped: too short |	3.55%
                     % of reads unmapped: other |	0.15%
                                  CHIMERIC READS:
                       Number of chimeric reads |	0
                            % of chimeric reads |	0.00%
