                                 Started job on |	Nov 07 13:25:15
                             Started mapping on |	Nov 07 13:25:21
                                    Finished on |	Nov 07 13:33:51
       Mapping speed, Million of reads per hour |	349.30

                          Number of input reads |	49484336
                      Average input read length |	195
                                    UNIQUE READS:
                   Uniquely mapped reads number |	46775094
                        Uniquely mapped reads % |	94.53%
                          Average mapped length |	193.75
                       Number of splices: Total |	26290046
            Number of splices: Annotated (sjdb) |	25226647
                       Number of splices: GT/AG |	25950593
                       Number of splices: GC/AG |	215466
                       Number of splices: AT/AC |	21773
               Number of splices: Non-canonical |	102214
                      Mismatch rate per base, % |	0.92%
                         Deletion rate per base |	0.05%
                        Deletion average length |	2.10
                        Insertion rate per base |	0.03%
                       Insertion average length |	2.11
                             MULTI-MAPPING READS:
        Number of reads mapped to multiple loci |	1065700
             % of reads mapped to multiple loci |	2.15%
        Number of reads mapped to too many loci |	77865
             % of reads mapped to too many loci |	0.16%
                                  UNMAPPED READS:
       % of reads unmapped: too many mismatches |	0.00%
                 % of reads unmapped: too short |	3.06%
                     % of reads unmapped: other |	0.10%
                                  CHIMERIC READS:
                       Number of chimeric reads |	0
                            % of chimeric reads |	0.00%
