                                 Started job on |	Nov 07 13:31:25
                             Started mapping on |	Nov 07 13:31:51
                                    Finished on |	Nov 07 13:41:51
       Mapping speed, Million of reads per hour |	311.61

                          Number of input reads |	51934401
                      Average input read length |	195
                                    UNIQUE READS:
                   Uniquely mapped reads number |	48740260
                        Uniquely mapped reads % |	93.85%
                          Average mapped length |	193.58
                       Number of splices: Total |	25332457
            Number of splices: Annotated (sjdb) |	24223487
                       Number of splices: GT/AG |	24984326
                       Number of splices: GC/AG |	212101
                       Number of splices: AT/AC |	20799
               Number of splices: Non-canonical |	115231
                      Mismatch rate per base, % |	0.94%
                         Deletion rate per base |	0.06%
                        Deletion average length |	2.14
                        Insertion rate per base |	0.04%
                       Insertion average length |	2.09
                             MULTI-MAPPING READS:
        Number of reads mapped to multiple loci |	1167306
             % of reads mapped to multiple loci |	2.25%
        Number of reads mapped to too many loci |	145072
             % of reads mapped to too many loci |	0.28%
                                  UNMAPPED READS:
       % of reads unmapped: too many mismatches |	0.00%
                 % of reads unmapped: too short |	3.39%
                     % of reads unmapped: other |	0.23%
                                  CHIMERIC READS:
                       Number of chimeric reads |	0
                            % of chimeric reads |	0.00%
