                                 Started job on |	Nov 07 13:28:19
                             Started mapping on |	Nov 07 13:28:29
                                    Finished on |	Nov 07 13:36:37
       Mapping speed, Million of reads per hour |	289.99

                          Number of input reads |	39309991
                      Average input read length |	195
                                    UNIQUE READS:
                   Uniquely mapped reads number |	36828919
                        Uniquely mapped reads % |	93.69%
                          Average mapped length |	193.40
                       Number of splices: Total |	18194313
            Number of splices: Annotated (sjdb) |	17409377
                       Number of splices: GT/AG |	17935071
                       Number of splices: GC/AG |	152359
                       Number of splices: AT/AC |	16152
               Number of splices: Non-canonical |	90731
                      Mismatch rate per base, % |	0.96%
                         Deletion rate per base |	0.06%
                        Deletion average length |	2.15
                        Insertion rate per base |	0.04%
                       Insertion average length |	2.14
                             MULTI-MAPPING READS:
        Number of reads mapped to multiple loci |	906909
             % of reads mapped to multiple loci |	2.31%
        Number of reads mapped to too many loci |	72888
             % of reads mapped to too many loci |	0.19%
                                  UNMAPPED READS:
       % of reads unmapped: too many mismatches |	0.00%
                 % of reads unmapped: too short |	3.72%
                     % of reads unmapped: other |	0.10%
                                  CHIMERIC READS:
                       Number of chimeric reads |	0
                            % of chimeric reads |	0.00%
