                                 Started job on |	Nov 07 13:43:52
                             Started mapping on |	Nov 07 13:44:06
                                    Finished on |	Nov 07 13:49:55
       Mapping speed, Million of reads per hour |	323.47

                          Number of input reads |	31358575
                      Average input read length |	195
                                    UNIQUE READS:
                   Uniquely mapped reads number |	29002015
                        Uniquely mapped reads % |	92.49%
                          Average mapped length |	192.84
                       Number of splices: Total |	12028520
            Number of splices: Annotated (sjdb) |	11488534
                       Number of splices: GT/AG |	11839261
                       Number of splices: GC/AG |	100789
                       Number of splices: AT/AC |	11460
               Number of splices: Non-canonical |	77010
                      Mismatch rate per base, % |	0.99%
                         Deletion rate per base |	0.07%
                        Deletion average length |	2.18
                        Insertion rate per base |	0.05%
                       Insertion average length |	2.13
                             MULTI-MAPPING READS:
        Number of reads mapped to multiple loci |	853798
             % of reads mapped to multiple loci |	2.72%
        Number of reads mapped to too many loci |	80311
             % of reads mapped to too many loci |	0.26%
                                  UNMAPPED READS:
       % of reads unmapped: too many mismatches |	0.00%
                 % of reads unmapped: too short |	4.32%
                     % of reads unmapped: other |	0.22%
                                  CHIMERIC READS:
                       Number of chimeric reads |	0
                            % of chimeric reads |	0.00%
