                                 Started job on |	Nov 07 13:37:37
                             Started mapping on |	Nov 07 13:37:44
                                    Finished on |	Nov 07 13:44:36
       Mapping speed, Million of reads per hour |	371.57

                          Number of input reads |	42524371
                      Average input read length |	195
                                    UNIQUE READS:
                   Uniquely mapped reads number |	39747459
                        Uniquely mapped reads % |	93.47%
                          Average mapped length |	193.37
                       Number of splices: Total |	19062853
            Number of splices: Annotated (sjdb) |	18240556
                       Number of splices: GT/AG |	18792714
                       Number of splices: GC/AG |	156246
                       Number of splices: AT/AC |	15867
               Number of splices: Non-canonical |	98026
                      Mismatch rate per base, % |	0.97%
                         Deletion rate per base |	0.06%
                        Deletion average length |	2.18
                        Insertion rate per base |	0.05%
                       Insertion average length |	2.10
                             MULTI-MAPPING READS:
        Number of reads mapped to multiple loci |	1005173
             % of reads mapped to multiple loci |	2.36%
        Number of reads mapped to too many loci |	81464
             % of reads mapped to too many loci |	0.19%
                                  UNMAPPED READS:
       % of reads unmapped: too many mismatches |	0.00%
                 % of reads unmapped: too short |	3.87%
                     % of reads unmapped: other |	0.10%
                                  CHIMERIC READS:
                       Number of chimeric reads |	0
                            % of chimeric reads |	0.00%
