                                 Started job on |	Nov 07 13:28:20
                             Started mapping on |	Nov 07 13:28:29
                                    Finished on |	Nov 07 13:34:54
       Mapping speed, Million of reads per hour |	366.82

                          Number of input reads |	39229854
                      Average input read length |	195
                                    UNIQUE READS:
                   Uniquely mapped reads number |	36728675
                        Uniquely mapped reads % |	93.62%
                          Average mapped length |	193.12
                       Number of splices: Total |	17300231
            Number of splices: Annotated (sjdb) |	16559319
                       Number of splices: GT/AG |	17052300
                       Number of splices: GC/AG |	143265
                       Number of splices: AT/AC |	15242
               Number of splices: Non-canonical |	89424
                      Mismatch rate per base, % |	0.96%
                         Deletion rate per base |	0.06%
                        Deletion average length |	2.16
                        Insertion rate per base |	0.04%
                       Insertion average length |	2.09
                             MULTI-MAPPING READS:
        Number of reads mapped to multiple loci |	952143
             % of reads mapped to multiple loci |	2.43%
        Number of reads mapped to too many loci |	69376
             % of reads mapped to too many loci |	0.18%
                                  UNMAPPED READS:
       % of reads unmapped: too many mismatches |	0.00%
                 % of reads unmapped: too short |	3.67%
                     % of reads unmapped: other |	0.10%
                                  CHIMERIC READS:
                       Number of chimeric reads |	0
                            % of chimeric reads |	0.00%
