                                 Started job on |	Nov 07 13:46:58
                             Started mapping on |	Nov 07 13:47:12
                                    Finished on |	Nov 07 13:57:40
       Mapping speed, Million of reads per hour |	298.88

                          Number of input reads |	52138147
                      Average input read length |	195
                                    UNIQUE READS:
                   Uniquely mapped reads number |	48971878
                        Uniquely mapped reads % |	93.93%
                          Average mapped length |	193.47
                       Number of splices: Total |	25221112
            Number of splices: Annotated (sjdb) |	24131169
                       Number of splices: GT/AG |	24872158
                       Number of splices: GC/AG |	212195
                       Number of splices: AT/AC |	20707
               Number of splices: Non-canonical |	116052
                      Mismatch rate per base, % |	0.92%
                         Deletion rate per base |	0.06%
                        Deletion average length |	2.16
                        Insertion rate per base |	0.04%
                       Insertion average length |	2.12
                             MULTI-MAPPING READS:
        Number of reads mapped to multiple loci |	1152032
             % of reads mapped to multiple loci |	2.21%
        Number of reads mapped to too many loci |	125969
             % of reads mapped to too many loci |	0.24%
                                  UNMAPPED READS:
       % of reads unmapped: too many mismatches |	0.00%
                 % of reads unmapped: too short |	3.45%
                     % of reads unmapped: other |	0.17%
                                  CHIMERIC READS:
                       Number of chimeric reads |	0
                            % of chimeric reads |	0.00%
