                                 Started job on |	Nov 07 13:46:51
                             Started mapping on |	Nov 07 13:47:03
                                    Finished on |	Nov 07 13:54:47
       Mapping speed, Million of reads per hour |	292.30

                          Number of input reads |	37674650
                      Average input read length |	195
                                    UNIQUE READS:
                   Uniquely mapped reads number |	34979063
                        Uniquely mapped reads % |	92.85%
                          Average mapped length |	193.12
                       Number of splices: Total |	15767254
            Number of splices: Annotated (sjdb) |	15059733
                       Number of splices: GT/AG |	15530869
                       Number of splices: GC/AG |	131598
                       Number of splices: AT/AC |	13116
               Number of splices: Non-canonical |	91671
                      Mismatch rate per base, % |	0.99%
                         Deletion rate per base |	0.07%
                        Deletion average length |	2.17
                        Insertion rate per base |	0.05%
                       Insertion average length |	2.14
                             MULTI-MAPPING READS:
        Number of reads mapped to multiple loci |	957894
             % of reads mapped to multiple loci |	2.54%
        Number of reads mapped to too many loci |	106557
             % of reads mapped to too many loci |	0.28%
                                  UNMAPPED READS:
       % of reads unmapped: too many mismatches |	0.00%
                 % of reads unmapped: too short |	4.06%
                     % of reads unmapped: other |	0.27%
                                  CHIMERIC READS:
                       Number of chimeric reads |	0
                            % of chimeric reads |	0.00%
