                                 Started job on |	Nov 07 13:34:30
                             Started mapping on |	Nov 07 13:34:37
                                    Finished on |	Nov 07 13:43:23
       Mapping speed, Million of reads per hour |	309.46

                          Number of input reads |	45215001
                      Average input read length |	195
                                    UNIQUE READS:
                   Uniquely mapped reads number |	42425080
                        Uniquely mapped reads % |	93.83%
                          Average mapped length |	193.34
                       Number of splices: Total |	22655342
            Number of splices: Annotated (sjdb) |	21691321
                       Number of splices: GT/AG |	22348152
                       Number of splices: GC/AG |	183903
                       Number of splices: AT/AC |	18159
               Number of splices: Non-canonical |	105128
                      Mismatch rate per base, % |	0.95%
                         Deletion rate per base |	0.06%
                        Deletion average length |	2.16
                        Insertion rate per base |	0.04%
                       Insertion average length |	2.14
                             MULTI-MAPPING READS:
        Number of reads mapped to multiple loci |	1009238
             % of reads mapped to multiple loci |	2.23%
        Number of reads mapped to too many loci |	79337
             % of reads mapped to too many loci |	0.18%
                                  UNMAPPED READS:
       % of reads unmapped: too many mismatches |	0.00%
                 % of reads unmapped: too short |	3.66%
                     % of reads unmapped: other |	0.11%
                                  CHIMERIC READS:
                       Number of chimeric reads |	0
                            % of chimeric reads |	0.00%
