                                 Started job on |	Nov 07 13:40:41
                             Started mapping on |	Nov 07 13:40:48
                                    Finished on |	Nov 07 13:46:21
       Mapping speed, Million of reads per hour |	342.49

                          Number of input reads |	31680316
                      Average input read length |	195
                                    UNIQUE READS:
                   Uniquely mapped reads number |	29815423
                        Uniquely mapped reads % |	94.11%
                          Average mapped length |	193.49
                       Number of splices: Total |	14804591
            Number of splices: Annotated (sjdb) |	14169226
                       Number of splices: GT/AG |	14600329
                       Number of splices: GC/AG |	122447
                       Number of splices: AT/AC |	12986
               Number of splices: Non-canonical |	68829
                      Mismatch rate per base, % |	0.93%
                         Deletion rate per base |	0.06%
                        Deletion average length |	2.16
                        Insertion rate per base |	0.04%
                       Insertion average length |	2.11
                             MULTI-MAPPING READS:
        Number of reads mapped to multiple loci |	680800
             % of reads mapped to multiple loci |	2.15%
        Number of reads mapped to too many loci |	73436
             % of reads mapped to too many loci |	0.23%
                                  UNMAPPED READS:
       % of reads unmapped: too many mismatches |	0.00%
                 % of reads unmapped: too short |	3.34%
                     % of reads unmapped: other |	0.16%
                                  CHIMERIC READS:
                       Number of chimeric reads |	0
                            % of chimeric reads |	0.00%
