                                 Started job on |	Nov 07 13:43:48
                             Started mapping on |	Nov 07 13:43:59
                                    Finished on |	Nov 07 13:50:22
       Mapping speed, Million of reads per hour |	300.15

                          Number of input reads |	31933001
                      Average input read length |	195
                                    UNIQUE READS:
                   Uniquely mapped reads number |	29859701
                        Uniquely mapped reads % |	93.51%
                          Average mapped length |	193.21
                       Number of splices: Total |	13417409
            Number of splices: Annotated (sjdb) |	12831996
                       Number of splices: GT/AG |	13213925
                       Number of splices: GC/AG |	114245
                       Number of splices: AT/AC |	12012
               Number of splices: Non-canonical |	77227
                      Mismatch rate per base, % |	0.98%
                         Deletion rate per base |	0.07%
                        Deletion average length |	2.16
                        Insertion rate per base |	0.04%
                       Insertion average length |	2.15
                             MULTI-MAPPING READS:
        Number of reads mapped to multiple loci |	748894
             % of reads mapped to multiple loci |	2.35%
        Number of reads mapped to too many loci |	70988
             % of reads mapped to too many loci |	0.22%
                                  UNMAPPED READS:
       % of reads unmapped: too many mismatches |	0.00%
                 % of reads unmapped: too short |	3.80%
                     % of reads unmapped: other |	0.13%
                                  CHIMERIC READS:
                       Number of chimeric reads |	0
                            % of chimeric reads |	0.00%
