                                 Started job on |	Nov 07 13:25:15
                             Started mapping on |	Nov 07 13:25:26
                                    Finished on |	Nov 07 13:32:44
       Mapping speed, Million of reads per hour |	341.21

                          Number of input reads |	41513993
                      Average input read length |	195
                                    UNIQUE READS:
                   Uniquely mapped reads number |	39168956
                        Uniquely mapped reads % |	94.35%
                          Average mapped length |	193.74
                       Number of splices: Total |	21084329
            Number of splices: Annotated (sjdb) |	20173124
                       Number of splices: GT/AG |	20801836
                       Number of splices: GC/AG |	173841
                       Number of splices: AT/AC |	17329
               Number of splices: Non-canonical |	91323
                      Mismatch rate per base, % |	0.93%
                         Deletion rate per base |	0.05%
                        Deletion average length |	2.13
                        Insertion rate per base |	0.04%
                       Insertion average length |	2.10
                             MULTI-MAPPING READS:
        Number of reads mapped to multiple loci |	897365
             % of reads mapped to multiple loci |	2.16%
        Number of reads mapped to too many loci |	78005
             % of reads mapped to too many loci |	0.19%
                                  UNMAPPED READS:
       % of reads unmapped: too many mismatches |	0.00%
                 % of reads unmapped: too short |	3.19%
                     % of reads unmapped: other |	0.10%
                                  CHIMERIC READS:
                       Number of chimeric reads |	0
                            % of chimeric reads |	0.00%
