                                 Started job on |	Nov 07 13:40:43
                             Started mapping on |	Nov 07 13:40:55
                                    Finished on |	Nov 07 13:47:21
       Mapping speed, Million of reads per hour |	352.65

                          Number of input reads |	37811597
                      Average input read length |	195
                                    UNIQUE READS:
                   Uniquely mapped reads number |	35116597
                        Uniquely mapped reads % |	92.87%
                          Average mapped length |	193.09
                       Number of splices: Total |	15210269
            Number of splices: Annotated (sjdb) |	14561208
                       Number of splices: GT/AG |	14978001
                       Number of splices: GC/AG |	124152
                       Number of splices: AT/AC |	12774
               Number of splices: Non-canonical |	95342
                      Mismatch rate per base, % |	1.02%
                         Deletion rate per base |	0.07%
                        Deletion average length |	2.19
                        Insertion rate per base |	0.05%
                       Insertion average length |	2.16
                             MULTI-MAPPING READS:
        Number of reads mapped to multiple loci |	954094
             % of reads mapped to multiple loci |	2.52%
        Number of reads mapped to too many loci |	70859
             % of reads mapped to too many loci |	0.19%
                                  UNMAPPED READS:
       % of reads unmapped: too many mismatches |	0.00%
                 % of reads unmapped: too short |	4.32%
                     % of reads unmapped: other |	0.09%
                                  CHIMERIC READS:
                       Number of chimeric reads |	0
                            % of chimeric reads |	0.00%
