                                 Started job on |	Nov 07 13:16:00
                             Started mapping on |	Nov 07 13:16:06
                                    Finished on |	Nov 07 13:23:53
       Mapping speed, Million of reads per hour |	340.88

                          Number of input reads |	44219602
                      Average input read length |	195
                                    UNIQUE READS:
                   Uniquely mapped reads number |	41583257
                        Uniquely mapped reads % |	94.04%
                          Average mapped length |	193.46
                       Number of splices: Total |	22627898
            Number of splices: Annotated (sjdb) |	21708161
                       Number of splices: GT/AG |	22328225
                       Number of splices: GC/AG |	187599
                       Number of splices: AT/AC |	18318
               Number of splices: Non-canonical |	93756
                      Mismatch rate per base, % |	0.94%
                         Deletion rate per base |	0.05%
                        Deletion average length |	2.15
                        Insertion rate per base |	0.04%
                       Insertion average length |	2.08
                             MULTI-MAPPING READS:
        Number of reads mapped to multiple loci |	970421
             % of reads mapped to multiple loci |	2.19%
        Number of reads mapped to too many loci |	72118
             % of reads mapped to too many loci |	0.16%
                                  UNMAPPED READS:
       % of reads unmapped: too many mismatches |	0.00%
                 % of reads unmapped: too short |	3.50%
                     % of reads unmapped: other |	0.10%
                                  CHIMERIC READS:
                       Number of chimeric reads |	0
                            % of chimeric reads |	0.00%
