                                 Started job on |	Nov 07 13:34:31
                             Started mapping on |	Nov 07 13:34:41
                                    Finished on |	Nov 07 13:40:24
       Mapping speed, Million of reads per hour |	357.74

                          Number of input reads |	34084675
                      Average input read length |	195
                                    UNIQUE READS:
                   Uniquely mapped reads number |	32104194
                        Uniquely mapped reads % |	94.19%
                          Average mapped length |	193.51
                       Number of splices: Total |	16157627
            Number of splices: Annotated (sjdb) |	15443310
                       Number of splices: GT/AG |	15935012
                       Number of splices: GC/AG |	134265
                       Number of splices: AT/AC |	13856
               Number of splices: Non-canonical |	74494
                      Mismatch rate per base, % |	0.93%
                         Deletion rate per base |	0.06%
                        Deletion average length |	2.15
                        Insertion rate per base |	0.04%
                       Insertion average length |	2.11
                             MULTI-MAPPING READS:
        Number of reads mapped to multiple loci |	750922
             % of reads mapped to multiple loci |	2.20%
        Number of reads mapped to too many loci |	71199
             % of reads mapped to too many loci |	0.21%
                                  UNMAPPED READS:
       % of reads unmapped: too many mismatches |	0.00%
                 % of reads unmapped: too short |	3.28%
                     % of reads unmapped: other |	0.12%
                                  CHIMERIC READS:
                       Number of chimeric reads |	0
                            % of chimeric reads |	0.00%
