                                 Started job on |	Nov 07 13:28:20
                             Started mapping on |	Nov 07 13:28:29
                                    Finished on |	Nov 07 13:33:56
       Mapping speed, Million of reads per hour |	342.36

                          Number of input reads |	31097648
                      Average input read length |	195
                                    UNIQUE READS:
                   Uniquely mapped reads number |	29181744
                        Uniquely mapped reads % |	93.84%
                          Average mapped length |	193.32
                       Number of splices: Total |	14122802
            Number of splices: Annotated (sjdb) |	13558454
                       Number of splices: GT/AG |	13918218
                       Number of splices: GC/AG |	120775
                       Number of splices: AT/AC |	12216
               Number of splices: Non-canonical |	71593
                      Mismatch rate per base, % |	0.95%
                         Deletion rate per base |	0.06%
                        Deletion average length |	2.16
                        Insertion rate per base |	0.04%
                       Insertion average length |	2.14
                             MULTI-MAPPING READS:
        Number of reads mapped to multiple loci |	718814
             % of reads mapped to multiple loci |	2.31%
        Number of reads mapped to too many loci |	60654
             % of reads mapped to too many loci |	0.20%
                                  UNMAPPED READS:
       % of reads unmapped: too many mismatches |	0.00%
                 % of reads unmapped: too short |	3.55%
                     % of reads unmapped: other |	0.11%
                                  CHIMERIC READS:
                       Number of chimeric reads |	0
                            % of chimeric reads |	0.00%
