                                 Started job on |	Nov 07 13:37:36
                             Started mapping on |	Nov 07 13:37:42
                                    Finished on |	Nov 07 13:43:41
       Mapping speed, Million of reads per hour |	334.64

                          Number of input reads |	33371529
                      Average input read length |	195
                                    UNIQUE READS:
                   Uniquely mapped reads number |	31251513
                        Uniquely mapped reads % |	93.65%
                          Average mapped length |	193.36
                       Number of splices: Total |	15573821
            Number of splices: Annotated (sjdb) |	14907875
                       Number of splices: GT/AG |	15361949
                       Number of splices: GC/AG |	128061
                       Number of splices: AT/AC |	12546
               Number of splices: Non-canonical |	71265
                      Mismatch rate per base, % |	1.08%
                         Deletion rate per base |	0.06%
                        Deletion average length |	2.15
                        Insertion rate per base |	0.04%
                       Insertion average length |	2.10
                             MULTI-MAPPING READS:
        Number of reads mapped to multiple loci |	757156
             % of reads mapped to multiple loci |	2.27%
        Number of reads mapped to too many loci |	63891
             % of reads mapped to too many loci |	0.19%
                                  UNMAPPED READS:
       % of reads unmapped: too many mismatches |	0.00%
                 % of reads unmapped: too short |	3.79%
                     % of reads unmapped: other |	0.10%
                                  CHIMERIC READS:
                       Number of chimeric reads |	0
                            % of chimeric reads |	0.00%
