                                 Started job on |	Apr 25 11:38:25
                             Started mapping on |	Apr 25 11:38:53
                                    Finished on |	Apr 25 11:57:32
       Mapping speed, Million of reads per hour |	333.05

                          Number of input reads |	103523599
                      Average input read length |	194
                                    UNIQUE READS:
                   Uniquely mapped reads number |	95084828
                        Uniquely mapped reads % |	91.85%
                          Average mapped length |	192.67
                       Number of splices: Total |	44322608
            Number of splices: Annotated (sjdb) |	43631636
                       Number of splices: GT/AG |	43622014
                       Number of splices: GC/AG |	395226
                       Number of splices: AT/AC |	45567
               Number of splices: Non-canonical |	259801
                      Mismatch rate per base, % |	1.06%
                         Deletion rate per base |	0.05%
                        Deletion average length |	2.31
                        Insertion rate per base |	0.04%
                       Insertion average length |	2.06
                             MULTI-MAPPING READS:
        Number of reads mapped to multiple loci |	2543680
             % of reads mapped to multiple loci |	2.46%
        Number of reads mapped to too many loci |	344875
             % of reads mapped to too many loci |	0.33%
                                  UNMAPPED READS:
       % of reads unmapped: too many mismatches |	0.00%
                 % of reads unmapped: too short |	5.08%
                     % of reads unmapped: other |	0.28%
                                  CHIMERIC READS:
                       Number of chimeric reads |	0
                            % of chimeric reads |	0.00%
