                                 Started job on |	Apr 25 11:38:25
                             Started mapping on |	Apr 25 11:38:53
                                    Finished on |	Apr 25 12:00:22
       Mapping speed, Million of reads per hour |	306.11

                          Number of input reads |	109604486
                      Average input read length |	194
                                    UNIQUE READS:
                   Uniquely mapped reads number |	99768682
                        Uniquely mapped reads % |	91.03%
                          Average mapped length |	192.38
                       Number of splices: Total |	42269153
            Number of splices: Annotated (sjdb) |	41574915
                       Number of splices: GT/AG |	41560912
                       Number of splices: GC/AG |	379591
                       Number of splices: AT/AC |	44200
               Number of splices: Non-canonical |	284450
                      Mismatch rate per base, % |	1.12%
                         Deletion rate per base |	0.06%
                        Deletion average length |	2.26
                        Insertion rate per base |	0.04%
                       Insertion average length |	2.09
                             MULTI-MAPPING READS:
        Number of reads mapped to multiple loci |	2888408
             % of reads mapped to multiple loci |	2.64%
        Number of reads mapped to too many loci |	362808
             % of reads mapped to too many loci |	0.33%
                                  UNMAPPED READS:
       % of reads unmapped: too many mismatches |	0.00%
                 % of reads unmapped: too short |	5.76%
                     % of reads unmapped: other |	0.24%
                                  CHIMERIC READS:
                       Number of chimeric reads |	0
                            % of chimeric reads |	0.00%
