                                 Started job on |	Apr 25 11:38:23
                             Started mapping on |	Apr 25 11:38:54
                                    Finished on |	Apr 25 12:02:31
       Mapping speed, Million of reads per hour |	292.99

                          Number of input reads |	115323053
                      Average input read length |	194
                                    UNIQUE READS:
                   Uniquely mapped reads number |	105977314
                        Uniquely mapped reads % |	91.90%
                          Average mapped length |	192.24
                       Number of splices: Total |	48649259
            Number of splices: Annotated (sjdb) |	47899931
                       Number of splices: GT/AG |	47888356
                       Number of splices: GC/AG |	428706
                       Number of splices: AT/AC |	50307
               Number of splices: Non-canonical |	281890
                      Mismatch rate per base, % |	1.05%
                         Deletion rate per base |	0.05%
                        Deletion average length |	2.27
                        Insertion rate per base |	0.04%
                       Insertion average length |	2.07
                             MULTI-MAPPING READS:
        Number of reads mapped to multiple loci |	2939681
             % of reads mapped to multiple loci |	2.55%
        Number of reads mapped to too many loci |	364989
             % of reads mapped to too many loci |	0.32%
                                  UNMAPPED READS:
       % of reads unmapped: too many mismatches |	0.00%
                 % of reads unmapped: too short |	5.00%
                     % of reads unmapped: other |	0.24%
                                  CHIMERIC READS:
                       Number of chimeric reads |	0
                            % of chimeric reads |	0.00%
