                                 Started job on |	Apr 25 11:38:23
                             Started mapping on |	Apr 25 11:38:54
                                    Finished on |	Apr 25 12:03:14
       Mapping speed, Million of reads per hour |	312.81

                          Number of input reads |	126861586
                      Average input read length |	194
                                    UNIQUE READS:
                   Uniquely mapped reads number |	116778759
                        Uniquely mapped reads % |	92.05%
                          Average mapped length |	192.70
                       Number of splices: Total |	57924047
            Number of splices: Annotated (sjdb) |	57062780
                       Number of splices: GT/AG |	57057478
                       Number of splices: GC/AG |	498199
                       Number of splices: AT/AC |	57893
               Number of splices: Non-canonical |	310477
                      Mismatch rate per base, % |	1.07%
                         Deletion rate per base |	0.05%
                        Deletion average length |	2.30
                        Insertion rate per base |	0.03%
                       Insertion average length |	2.08
                             MULTI-MAPPING READS:
        Number of reads mapped to multiple loci |	2982460
             % of reads mapped to multiple loci |	2.35%
        Number of reads mapped to too many loci |	392167
             % of reads mapped to too many loci |	0.31%
                                  UNMAPPED READS:
       % of reads unmapped: too many mismatches |	0.00%
                 % of reads unmapped: too short |	5.04%
                     % of reads unmapped: other |	0.25%
                                  CHIMERIC READS:
                       Number of chimeric reads |	0
                            % of chimeric reads |	0.00%
