                                 Started job on |	Apr 25 11:38:23
                             Started mapping on |	Apr 25 11:38:54
                                    Finished on |	Apr 25 11:57:23
       Mapping speed, Million of reads per hour |	333.44

                          Number of input reads |	102719273
                      Average input read length |	194
                                    UNIQUE READS:
                   Uniquely mapped reads number |	94016602
                        Uniquely mapped reads % |	91.53%
                          Average mapped length |	192.40
                       Number of splices: Total |	44487194
            Number of splices: Annotated (sjdb) |	43813048
                       Number of splices: GT/AG |	43788569
                       Number of splices: GC/AG |	388796
                       Number of splices: AT/AC |	46329
               Number of splices: Non-canonical |	263500
                      Mismatch rate per base, % |	1.08%
                         Deletion rate per base |	0.06%
                        Deletion average length |	2.24
                        Insertion rate per base |	0.04%
                       Insertion average length |	2.08
                             MULTI-MAPPING READS:
        Number of reads mapped to multiple loci |	2521525
             % of reads mapped to multiple loci |	2.45%
        Number of reads mapped to too many loci |	298636
             % of reads mapped to too many loci |	0.29%
                                  UNMAPPED READS:
       % of reads unmapped: too many mismatches |	0.00%
                 % of reads unmapped: too short |	5.50%
                     % of reads unmapped: other |	0.22%
                                  CHIMERIC READS:
                       Number of chimeric reads |	0
                            % of chimeric reads |	0.00%
