                                 Started job on |	Apr 25 11:38:26
                             Started mapping on |	Apr 25 11:38:53
                                    Finished on |	Apr 25 11:54:56
       Mapping speed, Million of reads per hour |	371.99

                          Number of input reads |	99506241
                      Average input read length |	193
                                    UNIQUE READS:
                   Uniquely mapped reads number |	91103238
                        Uniquely mapped reads % |	91.56%
                          Average mapped length |	191.91
                       Number of splices: Total |	44264806
            Number of splices: Annotated (sjdb) |	43577492
                       Number of splices: GT/AG |	43558054
                       Number of splices: GC/AG |	396661
                       Number of splices: AT/AC |	42065
               Number of splices: Non-canonical |	268026
                      Mismatch rate per base, % |	1.06%
                         Deletion rate per base |	0.05%
                        Deletion average length |	2.25
                        Insertion rate per base |	0.04%
                       Insertion average length |	2.13
                             MULTI-MAPPING READS:
        Number of reads mapped to multiple loci |	2442852
             % of reads mapped to multiple loci |	2.45%
        Number of reads mapped to too many loci |	312740
             % of reads mapped to too many loci |	0.31%
                                  UNMAPPED READS:
       % of reads unmapped: too many mismatches |	0.00%
                 % of reads unmapped: too short |	5.45%
                     % of reads unmapped: other |	0.23%
                                  CHIMERIC READS:
                       Number of chimeric reads |	0
                            % of chimeric reads |	0.00%
