                                 Started job on |	Apr 25 11:38:26
                             Started mapping on |	Apr 25 11:38:53
                                    Finished on |	Apr 25 11:57:59
       Mapping speed, Million of reads per hour |	343.87

                          Number of input reads |	109465491
                      Average input read length |	193
                                    UNIQUE READS:
                   Uniquely mapped reads number |	100923068
                        Uniquely mapped reads % |	92.20%
                          Average mapped length |	191.90
                       Number of splices: Total |	47287123
            Number of splices: Annotated (sjdb) |	46563662
                       Number of splices: GT/AG |	46557434
                       Number of splices: GC/AG |	413602
                       Number of splices: AT/AC |	47293
               Number of splices: Non-canonical |	268794
                      Mismatch rate per base, % |	1.08%
                         Deletion rate per base |	0.05%
                        Deletion average length |	2.24
                        Insertion rate per base |	0.04%
                       Insertion average length |	2.08
                             MULTI-MAPPING READS:
        Number of reads mapped to multiple loci |	2546057
             % of reads mapped to multiple loci |	2.33%
        Number of reads mapped to too many loci |	293468
             % of reads mapped to too many loci |	0.27%
                                  UNMAPPED READS:
       % of reads unmapped: too many mismatches |	0.00%
                 % of reads unmapped: too short |	5.04%
                     % of reads unmapped: other |	0.17%
                                  CHIMERIC READS:
                       Number of chimeric reads |	0
                            % of chimeric reads |	0.00%
