                                 Started job on |	Apr 25 11:38:25
                             Started mapping on |	Apr 25 11:38:53
                                    Finished on |	Apr 25 11:39:05
       Mapping speed, Million of reads per hour |	69.58

                          Number of input reads |	231947
                      Average input read length |	191
                                    UNIQUE READS:
                   Uniquely mapped reads number |	194615
                        Uniquely mapped reads % |	83.90%
                          Average mapped length |	191.29
                       Number of splices: Total |	89827
            Number of splices: Annotated (sjdb) |	88413
                       Number of splices: GT/AG |	88343
                       Number of splices: GC/AG |	815
                       Number of splices: AT/AC |	98
               Number of splices: Non-canonical |	571
                      Mismatch rate per base, % |	1.13%
                         Deletion rate per base |	0.05%
                        Deletion average length |	2.24
                        Insertion rate per base |	0.04%
                       Insertion average length |	2.06
                             MULTI-MAPPING READS:
        Number of reads mapped to multiple loci |	4999
             % of reads mapped to multiple loci |	2.16%
        Number of reads mapped to too many loci |	686
             % of reads mapped to too many loci |	0.30%
                                  UNMAPPED READS:
       % of reads unmapped: too many mismatches |	0.00%
                 % of reads unmapped: too short |	13.41%
                     % of reads unmapped: other |	0.24%
                                  CHIMERIC READS:
                       Number of chimeric reads |	0
                            % of chimeric reads |	0.00%
