                                 Started job on |	Apr 25 11:38:25
                             Started mapping on |	Apr 25 11:38:53
                                    Finished on |	Apr 25 12:00:54
       Mapping speed, Million of reads per hour |	311.53

                          Number of input reads |	114314030
                      Average input read length |	194
                                    UNIQUE READS:
                   Uniquely mapped reads number |	105009970
                        Uniquely mapped reads % |	91.86%
                          Average mapped length |	192.60
                       Number of splices: Total |	47950611
            Number of splices: Annotated (sjdb) |	47201862
                       Number of splices: GT/AG |	47203197
                       Number of splices: GC/AG |	417419
                       Number of splices: AT/AC |	48062
               Number of splices: Non-canonical |	281933
                      Mismatch rate per base, % |	1.05%
                         Deletion rate per base |	0.06%
                        Deletion average length |	2.24
                        Insertion rate per base |	0.04%
                       Insertion average length |	2.10
                             MULTI-MAPPING READS:
        Number of reads mapped to multiple loci |	2777652
             % of reads mapped to multiple loci |	2.43%
        Number of reads mapped to too many loci |	357548
             % of reads mapped to too many loci |	0.31%
                                  UNMAPPED READS:
       % of reads unmapped: too many mismatches |	0.00%
                 % of reads unmapped: too short |	5.14%
                     % of reads unmapped: other |	0.25%
                                  CHIMERIC READS:
                       Number of chimeric reads |	0
                            % of chimeric reads |	0.00%
