                                 Started job on |	Apr 25 11:38:25
                             Started mapping on |	Apr 25 11:38:53
                                    Finished on |	Apr 25 12:00:43
       Mapping speed, Million of reads per hour |	319.88

                          Number of input reads |	116400262
                      Average input read length |	194
                                    UNIQUE READS:
                   Uniquely mapped reads number |	106790234
                        Uniquely mapped reads % |	91.74%
                          Average mapped length |	192.43
                       Number of splices: Total |	52583190
            Number of splices: Annotated (sjdb) |	51800068
                       Number of splices: GT/AG |	51795373
                       Number of splices: GC/AG |	446612
                       Number of splices: AT/AC |	51394
               Number of splices: Non-canonical |	289811
                      Mismatch rate per base, % |	1.06%
                         Deletion rate per base |	0.05%
                        Deletion average length |	2.26
                        Insertion rate per base |	0.04%
                       Insertion average length |	2.09
                             MULTI-MAPPING READS:
        Number of reads mapped to multiple loci |	2883332
             % of reads mapped to multiple loci |	2.48%
        Number of reads mapped to too many loci |	376307
             % of reads mapped to too many loci |	0.32%
                                  UNMAPPED READS:
       % of reads unmapped: too many mismatches |	0.00%
                 % of reads unmapped: too short |	5.17%
                     % of reads unmapped: other |	0.29%
                                  CHIMERIC READS:
                       Number of chimeric reads |	0
                            % of chimeric reads |	0.00%
