                                 Started job on |	Apr 25 11:38:25
                             Started mapping on |	Apr 25 11:38:53
                                    Finished on |	Apr 25 11:58:36
       Mapping speed, Million of reads per hour |	339.22

                          Number of input reads |	111472247
                      Average input read length |	194
                                    UNIQUE READS:
                   Uniquely mapped reads number |	102571293
                        Uniquely mapped reads % |	92.02%
                          Average mapped length |	192.84
                       Number of splices: Total |	55510494
            Number of splices: Annotated (sjdb) |	54751167
                       Number of splices: GT/AG |	54721236
                       Number of splices: GC/AG |	474259
                       Number of splices: AT/AC |	54456
               Number of splices: Non-canonical |	260543
                      Mismatch rate per base, % |	1.16%
                         Deletion rate per base |	0.05%
                        Deletion average length |	2.26
                        Insertion rate per base |	0.03%
                       Insertion average length |	2.07
                             MULTI-MAPPING READS:
        Number of reads mapped to multiple loci |	2595140
             % of reads mapped to multiple loci |	2.33%
        Number of reads mapped to too many loci |	289416
             % of reads mapped to too many loci |	0.26%
                                  UNMAPPED READS:
       % of reads unmapped: too many mismatches |	0.00%
                 % of reads unmapped: too short |	5.20%
                     % of reads unmapped: other |	0.20%
                                  CHIMERIC READS:
                       Number of chimeric reads |	0
                            % of chimeric reads |	0.00%
