                                 Started job on |	Apr 25 11:38:25
                             Started mapping on |	Apr 25 11:38:53
                                    Finished on |	Apr 25 11:57:12
       Mapping speed, Million of reads per hour |	346.42

                          Number of input reads |	105752939
                      Average input read length |	194
                                    UNIQUE READS:
                   Uniquely mapped reads number |	97385086
                        Uniquely mapped reads % |	92.09%
                          Average mapped length |	192.44
                       Number of splices: Total |	47337719
            Number of splices: Annotated (sjdb) |	46619027
                       Number of splices: GT/AG |	46616416
                       Number of splices: GC/AG |	410400
                       Number of splices: AT/AC |	45929
               Number of splices: Non-canonical |	264974
                      Mismatch rate per base, % |	1.06%
                         Deletion rate per base |	0.05%
                        Deletion average length |	2.28
                        Insertion rate per base |	0.04%
                       Insertion average length |	2.10
                             MULTI-MAPPING READS:
        Number of reads mapped to multiple loci |	2507314
             % of reads mapped to multiple loci |	2.37%
        Number of reads mapped to too many loci |	320571
             % of reads mapped to too many loci |	0.30%
                                  UNMAPPED READS:
       % of reads unmapped: too many mismatches |	0.00%
                 % of reads unmapped: too short |	5.01%
                     % of reads unmapped: other |	0.23%
                                  CHIMERIC READS:
                       Number of chimeric reads |	0
                            % of chimeric reads |	0.00%
