                                 Started job on |	Apr 25 11:38:25
                             Started mapping on |	Apr 25 11:38:53
                                    Finished on |	Apr 25 12:01:08
       Mapping speed, Million of reads per hour |	302.91

                          Number of input reads |	112328310
                      Average input read length |	194
                                    UNIQUE READS:
                   Uniquely mapped reads number |	104102339
                        Uniquely mapped reads % |	92.68%
                          Average mapped length |	193.05
                       Number of splices: Total |	56974372
            Number of splices: Annotated (sjdb) |	56210510
                       Number of splices: GT/AG |	56162145
                       Number of splices: GC/AG |	498150
                       Number of splices: AT/AC |	55745
               Number of splices: Non-canonical |	258332
                      Mismatch rate per base, % |	1.00%
                         Deletion rate per base |	0.05%
                        Deletion average length |	2.28
                        Insertion rate per base |	0.03%
                       Insertion average length |	2.07
                             MULTI-MAPPING READS:
        Number of reads mapped to multiple loci |	2623790
             % of reads mapped to multiple loci |	2.34%
        Number of reads mapped to too many loci |	319881
             % of reads mapped to too many loci |	0.28%
                                  UNMAPPED READS:
       % of reads unmapped: too many mismatches |	0.00%
                 % of reads unmapped: too short |	4.45%
                     % of reads unmapped: other |	0.26%
                                  CHIMERIC READS:
                       Number of chimeric reads |	0
                            % of chimeric reads |	0.00%
