                                 Started job on |	Apr 25 11:38:25
                             Started mapping on |	Apr 25 11:38:53
                                    Finished on |	Apr 25 11:57:47
       Mapping speed, Million of reads per hour |	327.41

                          Number of input reads |	103135192
                      Average input read length |	194
                                    UNIQUE READS:
                   Uniquely mapped reads number |	94202808
                        Uniquely mapped reads % |	91.34%
                          Average mapped length |	192.18
                       Number of splices: Total |	45317705
            Number of splices: Annotated (sjdb) |	44632818
                       Number of splices: GT/AG |	44617528
                       Number of splices: GC/AG |	396528
                       Number of splices: AT/AC |	45834
               Number of splices: Non-canonical |	257815
                      Mismatch rate per base, % |	1.08%
                         Deletion rate per base |	0.05%
                        Deletion average length |	2.27
                        Insertion rate per base |	0.04%
                       Insertion average length |	2.10
                             MULTI-MAPPING READS:
        Number of reads mapped to multiple loci |	2596198
             % of reads mapped to multiple loci |	2.52%
        Number of reads mapped to too many loci |	360528
             % of reads mapped to too many loci |	0.35%
                                  UNMAPPED READS:
       % of reads unmapped: too many mismatches |	0.00%
                 % of reads unmapped: too short |	5.54%
                     % of reads unmapped: other |	0.25%
                                  CHIMERIC READS:
                       Number of chimeric reads |	0
                            % of chimeric reads |	0.00%
