                                 Started job on |	Apr 25 11:38:26
                             Started mapping on |	Apr 25 11:38:53
                                    Finished on |	Apr 25 12:01:39
       Mapping speed, Million of reads per hour |	347.06

                          Number of input reads |	131688756
                      Average input read length |	194
                                    UNIQUE READS:
                   Uniquely mapped reads number |	121704227
                        Uniquely mapped reads % |	92.42%
                          Average mapped length |	192.68
                       Number of splices: Total |	61701934
            Number of splices: Annotated (sjdb) |	60832201
                       Number of splices: GT/AG |	60804561
                       Number of splices: GC/AG |	534421
                       Number of splices: AT/AC |	60573
               Number of splices: Non-canonical |	302379
                      Mismatch rate per base, % |	1.05%
                         Deletion rate per base |	0.05%
                        Deletion average length |	2.24
                        Insertion rate per base |	0.03%
                       Insertion average length |	2.09
                             MULTI-MAPPING READS:
        Number of reads mapped to multiple loci |	2947541
             % of reads mapped to multiple loci |	2.24%
        Number of reads mapped to too many loci |	361119
             % of reads mapped to too many loci |	0.27%
                                  UNMAPPED READS:
       % of reads unmapped: too many mismatches |	0.00%
                 % of reads unmapped: too short |	4.87%
                     % of reads unmapped: other |	0.20%
                                  CHIMERIC READS:
                       Number of chimeric reads |	0
                            % of chimeric reads |	0.00%
