                                 Started job on |	Apr 25 11:38:23
                             Started mapping on |	Apr 25 11:38:54
                                    Finished on |	Apr 25 12:00:31
       Mapping speed, Million of reads per hour |	312.10

                          Number of input reads |	112442935
                      Average input read length |	194
                                    UNIQUE READS:
                   Uniquely mapped reads number |	102821145
                        Uniquely mapped reads % |	91.44%
                          Average mapped length |	192.08
                       Number of splices: Total |	42703038
            Number of splices: Annotated (sjdb) |	41982743
                       Number of splices: GT/AG |	41987076
                       Number of splices: GC/AG |	378706
                       Number of splices: AT/AC |	44178
               Number of splices: Non-canonical |	293078
                      Mismatch rate per base, % |	1.09%
                         Deletion rate per base |	0.06%
                        Deletion average length |	2.24
                        Insertion rate per base |	0.04%
                       Insertion average length |	2.12
                             MULTI-MAPPING READS:
        Number of reads mapped to multiple loci |	2781365
             % of reads mapped to multiple loci |	2.47%
        Number of reads mapped to too many loci |	346217
             % of reads mapped to too many loci |	0.31%
                                  UNMAPPED READS:
       % of reads unmapped: too many mismatches |	0.00%
                 % of reads unmapped: too short |	5.59%
                     % of reads unmapped: other |	0.19%
                                  CHIMERIC READS:
                       Number of chimeric reads |	0
                            % of chimeric reads |	0.00%
